2025-10-23 12:00:59.535 [info] Reading sessions from keychain...
2025-10-23 12:00:59.535 [info] Got stored sessions!
2025-10-23 12:00:59.535 [info] Got 1 verified sessions.
2025-10-23 12:00:59.535 [info] Getting sessions for all scopes...
2025-10-23 12:00:59.535 [info] Got 1 sessions for ...
2025-10-23 12:00:59.535 [info] Getting sessions for all scopes...
2025-10-23 12:00:59.535 [info] Got 1 sessions for ...
2025-10-23 12:00:59.535 [info] Getting sessions for all scopes...
2025-10-23 12:00:59.535 [info] Got 1 sessions for ...
2025-10-23 12:00:59.535 [info] Getting sessions for all scopes...
2025-10-23 12:00:59.535 [info] Got 1 sessions for ...
2025-10-23 12:00:59.535 [info] Getting sessions for all scopes...
2025-10-23 12:00:59.535 [info] Got 1 sessions for ...
2025-10-23 12:00:59.535 [info] Getting sessions for all scopes...
2025-10-23 12:00:59.535 [info] Got 1 sessions for ...
2025-10-23 12:00:59.535 [info] Getting sessions for all scopes...
2025-10-23 12:00:59.535 [info] Got 1 sessions for ...
2025-10-23 12:00:59.535 [info] Getting sessions for all scopes...
2025-10-23 12:00:59.535 [info] Got 1 sessions for ...
2025-10-23 12:00:59.535 [info] Getting sessions for all scopes...
2025-10-23 12:00:59.535 [info] Got 1 sessions for ...
2025-10-23 12:00:59.535 [info] Getting sessions for all scopes...
2025-10-23 12:00:59.535 [info] Got 1 sessions for ...
2025-10-23 12:00:59.535 [info] Getting sessions for all scopes...
2025-10-23 12:00:59.535 [info] Got 1 sessions for ...
2025-10-23 12:00:59.535 [info] Getting sessions for all scopes...
2025-10-23 12:00:59.535 [info] Got 1 sessions for ...
2025-10-23 12:00:59.535 [info] Getting sessions for all scopes...
2025-10-23 12:00:59.535 [info] Got 1 sessions for ...
2025-10-23 12:00:59.535 [info] Getting sessions for all scopes...
2025-10-23 12:00:59.535 [info] Got 1 sessions for ...
2025-10-23 12:00:59.535 [info] Getting sessions for all scopes...
2025-10-23 12:00:59.535 [info] Got 1 sessions for ...
2025-10-23 12:00:59.535 [info] Getting sessions for all scopes...
2025-10-23 12:00:59.535 [info] Got 1 sessions for ...
2025-10-23 12:00:59.535 [info] Getting sessions for all scopes...
2025-10-23 12:00:59.535 [info] Got 1 sessions for ...
2025-10-23 12:00:59.535 [info] Getting sessions for all scopes...
2025-10-23 12:00:59.535 [info] Got 1 sessions for ...
2025-10-23 12:00:59.535 [info] Getting sessions for read:user,repo,user:email,workflow...
2025-10-23 12:00:59.535 [info] Got 0 sessions for read:user,repo,user:email,workflow...
2025-10-23 12:00:59.563 [info] Getting sessions for user:email...
2025-10-23 12:00:59.563 [info] Got 1 sessions for user:email...
2025-10-23 12:00:59.563 [info] Getting sessions for read:user,repo,user:email,workflow...
2025-10-23 12:00:59.563 [info] Got 0 sessions for read:user,repo,user:email,workflow...
2025-10-23 12:00:59.581 [info] Getting sessions for all scopes...
2025-10-23 12:00:59.581 [info] Got 1 sessions for ...
2025-10-23 12:00:59.582 [info] Getting sessions for read:user,repo,user:email,workflow...
2025-10-23 12:00:59.582 [info] Got 0 sessions for read:user,repo,user:email,workflow...
2025-10-23 12:00:59.582 [info] Getting sessions for user:email...
2025-10-23 12:00:59.582 [info] Got 1 sessions for user:email...
2025-10-23 12:01:01.036 [info] Getting sessions for all scopes...
2025-10-23 12:01:01.036 [info] Got 1 sessions for ...
2025-10-23 12:01:01.036 [info] Getting sessions for all scopes...
2025-10-23 12:01:01.036 [info] Got 1 sessions for ...
2025-10-23 12:01:01.036 [info] Getting sessions for all scopes...
2025-10-23 12:01:01.036 [info] Got 1 sessions for ...
2025-10-23 12:01:01.087 [info] Getting sessions for all scopes...
2025-10-23 12:01:01.087 [info] Got 1 sessions for ...
2025-10-23 12:01:01.203 [info] Getting sessions for all scopes...
2025-10-23 12:01:01.204 [info] Got 1 sessions for ...
2025-10-23 12:01:01.496 [info] FetcherService: Electron fetch failed with status: 429 
2025-10-23 12:01:01.568 [info] Getting sessions for all scopes...
2025-10-23 12:01:01.568 [info] Got 1 sessions for ...
2025-10-23 12:01:01.569 [info] Getting sessions for read:user,repo,user:email,workflow...
2025-10-23 12:01:01.570 [info] Got 0 sessions for read:user,repo,user:email,workflow...
2025-10-23 12:01:01.590 [info] Getting sessions for all scopes...
2025-10-23 12:01:01.590 [info] Got 1 sessions for ...
2025-10-23 12:01:01.590 [info] Getting sessions for read:user,repo,user:email,workflow...
2025-10-23 12:01:01.590 [info] Got 0 sessions for read:user,repo,user:email,workflow...
2025-10-23 12:01:01.592 [info] Getting sessions for user:email...
2025-10-23 12:01:01.592 [info] Got 1 sessions for user:email...
2025-10-23 12:01:01.592 [info] Getting sessions for read:user,repo,user:email,workflow...
2025-10-23 12:01:01.592 [info] Got 0 sessions for read:user,repo,user:email,workflow...
2025-10-23 12:01:01.592 [info] Getting sessions for read:user...
2025-10-23 12:01:01.592 [info] Got 0 sessions for read:user...
2025-10-23 12:01:01.596 [info] Getting sessions for all scopes...
2025-10-23 12:01:01.596 [info] Got 1 sessions for ...
2025-10-23 12:01:01.597 [info] Getting sessions for all scopes...
2025-10-23 12:01:01.597 [info] Got 1 sessions for ...
2025-10-23 12:01:01.597 [info] Getting sessions for all scopes...
2025-10-23 12:01:01.597 [info] Got 1 sessions for ...
2025-10-23 12:01:01.597 [info] Getting sessions for all scopes...
2025-10-23 12:01:01.597 [info] Got 1 sessions for ...
2025-10-23 12:01:01.597 [info] Getting sessions for user:email...
2025-10-23 12:01:01.597 [info] Got 1 sessions for user:email...
2025-10-23 12:01:01.601 [info] Getting sessions for read:user,repo,user:email,workflow...
2025-10-23 12:01:01.601 [info] Got 0 sessions for read:user,repo,user:email,workflow...
2025-10-23 12:01:01.603 [info] Getting sessions for user:email...
2025-10-23 12:01:01.603 [info] Got 1 sessions for user:email...
2025-10-23 12:01:01.682 [info] Getting sessions for read:user,repo,user:email,workflow...
2025-10-23 12:01:01.682 [info] Got 0 sessions for read:user,repo,user:email,workflow...
2025-10-23 12:01:01.690 [info] Getting sessions for all scopes...
2025-10-23 12:01:01.690 [info] Got 1 sessions for ...
2025-10-23 12:01:01.691 [info] Getting sessions for read:user,repo,user:email,workflow...
2025-10-23 12:01:01.691 [info] Got 0 sessions for read:user,repo,user:email,workflow...
2025-10-23 12:01:01.691 [info] Getting sessions for user:email...
2025-10-23 12:01:01.691 [info] Got 1 sessions for user:email...
2025-10-23 12:01:01.891 [info] FetcherService: Node fetch failed with status: 429 Too Many Requests
2025-10-23 12:01:02.188 [info] Getting sessions for all scopes...
2025-10-23 12:01:02.188 [info] Got 1 sessions for ...
2025-10-23 12:01:02.217 [info] FetcherService: Node http/s failed with status: 429 Too Many Requests
