2025-10-23 09:02:14.853 [info] Reading sessions from keychain...
2025-10-23 09:02:14.853 [info] Got stored sessions!
2025-10-23 09:02:14.853 [info] Got 1 verified sessions.
2025-10-23 09:02:14.853 [info] Getting sessions for all scopes...
2025-10-23 09:02:14.853 [info] Got 1 sessions for ...
2025-10-23 09:02:14.853 [info] Getting sessions for all scopes...
2025-10-23 09:02:14.853 [info] Got 1 sessions for ...
2025-10-23 09:02:14.853 [info] Getting sessions for all scopes...
2025-10-23 09:02:14.853 [info] Got 1 sessions for ...
2025-10-23 09:02:14.853 [info] Getting sessions for all scopes...
2025-10-23 09:02:14.853 [info] Got 1 sessions for ...
2025-10-23 09:02:14.853 [info] Getting sessions for all scopes...
2025-10-23 09:02:14.853 [info] Got 1 sessions for ...
2025-10-23 09:02:14.853 [info] Getting sessions for all scopes...
2025-10-23 09:02:14.853 [info] Got 1 sessions for ...
2025-10-23 09:02:14.853 [info] Getting sessions for all scopes...
2025-10-23 09:02:14.853 [info] Got 1 sessions for ...
2025-10-23 09:02:14.853 [info] Getting sessions for all scopes...
2025-10-23 09:02:14.853 [info] Got 1 sessions for ...
2025-10-23 09:02:14.853 [info] Getting sessions for all scopes...
2025-10-23 09:02:14.853 [info] Got 1 sessions for ...
2025-10-23 09:02:14.853 [info] Getting sessions for all scopes...
2025-10-23 09:02:14.853 [info] Got 1 sessions for ...
2025-10-23 09:02:14.853 [info] Getting sessions for all scopes...
2025-10-23 09:02:14.853 [info] Got 1 sessions for ...
2025-10-23 09:02:14.853 [info] Getting sessions for all scopes...
2025-10-23 09:02:14.853 [info] Got 1 sessions for ...
2025-10-23 09:02:14.853 [info] Getting sessions for all scopes...
2025-10-23 09:02:14.853 [info] Got 1 sessions for ...
2025-10-23 09:02:14.853 [info] Getting sessions for all scopes...
2025-10-23 09:02:14.853 [info] Got 1 sessions for ...
2025-10-23 09:02:14.853 [info] Getting sessions for all scopes...
2025-10-23 09:02:14.853 [info] Got 1 sessions for ...
2025-10-23 09:02:14.853 [info] Getting sessions for all scopes...
2025-10-23 09:02:14.853 [info] Got 1 sessions for ...
2025-10-23 09:02:14.853 [info] Getting sessions for all scopes...
2025-10-23 09:02:14.853 [info] Got 1 sessions for ...
2025-10-23 09:02:14.853 [info] Getting sessions for all scopes...
2025-10-23 09:02:14.853 [info] Got 1 sessions for ...
2025-10-23 09:02:14.853 [info] Getting sessions for read:user,repo,user:email,workflow...
2025-10-23 09:02:14.853 [info] Got 0 sessions for read:user,repo,user:email,workflow...
2025-10-23 09:02:14.872 [info] Getting sessions for user:email...
2025-10-23 09:02:14.872 [info] Got 1 sessions for user:email...
2025-10-23 09:02:14.872 [info] Getting sessions for read:user,repo,user:email,workflow...
2025-10-23 09:02:14.872 [info] Got 0 sessions for read:user,repo,user:email,workflow...
2025-10-23 09:02:14.878 [info] Getting sessions for all scopes...
2025-10-23 09:02:14.878 [info] Got 1 sessions for ...
2025-10-23 09:02:14.879 [info] Getting sessions for read:user,repo,user:email,workflow...
2025-10-23 09:02:14.879 [info] Got 0 sessions for read:user,repo,user:email,workflow...
2025-10-23 09:02:14.879 [info] Getting sessions for user:email...
2025-10-23 09:02:14.880 [info] Got 1 sessions for user:email...
2025-10-23 09:02:16.478 [info] Getting sessions for all scopes...
2025-10-23 09:02:16.478 [info] Got 1 sessions for ...
2025-10-23 09:02:16.478 [info] Getting sessions for all scopes...
2025-10-23 09:02:16.478 [info] Got 1 sessions for ...
2025-10-23 09:02:16.479 [info] Getting sessions for all scopes...
2025-10-23 09:02:16.479 [info] Got 1 sessions for ...
2025-10-23 09:02:16.523 [info] Getting sessions for all scopes...
2025-10-23 09:02:16.523 [info] Got 1 sessions for ...
2025-10-23 09:02:16.628 [info] Getting sessions for all scopes...
2025-10-23 09:02:16.628 [info] Got 1 sessions for ...
2025-10-23 09:02:16.973 [info] FetcherService: Electron fetch failed with status: 429 
2025-10-23 09:02:16.979 [info] Getting sessions for all scopes...
2025-10-23 09:02:16.979 [info] Got 1 sessions for ...
2025-10-23 09:02:16.993 [info] Getting sessions for read:user,repo,user:email,workflow...
2025-10-23 09:02:16.993 [info] Got 0 sessions for read:user,repo,user:email,workflow...
2025-10-23 09:02:16.993 [info] Getting sessions for all scopes...
2025-10-23 09:02:16.994 [info] Got 1 sessions for ...
2025-10-23 09:02:16.994 [info] Getting sessions for read:user,repo,user:email,workflow...
2025-10-23 09:02:16.994 [info] Got 0 sessions for read:user,repo,user:email,workflow...
2025-10-23 09:02:16.997 [info] Getting sessions for user:email...
2025-10-23 09:02:16.997 [info] Got 1 sessions for user:email...
2025-10-23 09:02:16.997 [info] Getting sessions for read:user,repo,user:email,workflow...
2025-10-23 09:02:16.997 [info] Got 0 sessions for read:user,repo,user:email,workflow...
2025-10-23 09:02:16.997 [info] Getting sessions for read:user...
2025-10-23 09:02:16.997 [info] Got 0 sessions for read:user...
2025-10-23 09:02:17.000 [info] Getting sessions for all scopes...
2025-10-23 09:02:17.000 [info] Got 1 sessions for ...
2025-10-23 09:02:17.001 [info] Getting sessions for all scopes...
2025-10-23 09:02:17.001 [info] Got 1 sessions for ...
2025-10-23 09:02:17.001 [info] Getting sessions for all scopes...
2025-10-23 09:02:17.001 [info] Got 1 sessions for ...
2025-10-23 09:02:17.001 [info] Getting sessions for all scopes...
2025-10-23 09:02:17.001 [info] Got 1 sessions for ...
2025-10-23 09:02:17.001 [info] Getting sessions for user:email...
2025-10-23 09:02:17.001 [info] Got 1 sessions for user:email...
2025-10-23 09:02:17.004 [info] Getting sessions for read:user,repo,user:email,workflow...
2025-10-23 09:02:17.004 [info] Got 0 sessions for read:user,repo,user:email,workflow...
2025-10-23 09:02:17.005 [info] Getting sessions for user:email...
2025-10-23 09:02:17.005 [info] Got 1 sessions for user:email...
2025-10-23 09:02:17.006 [info] Getting sessions for read:user,repo,user:email,workflow...
2025-10-23 09:02:17.006 [info] Got 0 sessions for read:user,repo,user:email,workflow...
2025-10-23 09:02:17.090 [info] Getting sessions for all scopes...
2025-10-23 09:02:17.090 [info] Got 1 sessions for ...
2025-10-23 09:02:17.091 [info] Getting sessions for read:user,repo,user:email,workflow...
2025-10-23 09:02:17.091 [info] Got 0 sessions for read:user,repo,user:email,workflow...
2025-10-23 09:02:17.091 [info] Getting sessions for user:email...
2025-10-23 09:02:17.091 [info] Got 1 sessions for user:email...
2025-10-23 09:02:17.292 [info] FetcherService: Node fetch failed with status: 429 Too Many Requests
2025-10-23 09:02:17.432 [info] Getting sessions for all scopes...
2025-10-23 09:02:17.432 [info] Got 1 sessions for ...
2025-10-23 09:02:17.614 [info] FetcherService: Node http/s failed with status: 429 Too Many Requests
2025-10-23 09:11:29.442 [info] Getting sessions for all scopes...
2025-10-23 09:11:29.442 [info] Got 1 sessions for ...
2025-10-23 09:11:29.449 [info] Getting sessions for all scopes...
2025-10-23 09:11:29.449 [info] Got 1 sessions for ...
2025-10-23 09:11:29.907 [info] Getting sessions for all scopes...
2025-10-23 09:11:29.907 [info] Got 1 sessions for ...
2025-10-23 09:11:29.908 [info] Getting sessions for all scopes...
2025-10-23 09:11:29.908 [info] Got 1 sessions for ...
2025-10-23 09:23:37.229 [info] Getting sessions for all scopes...
2025-10-23 09:23:37.229 [info] Got 1 sessions for ...
2025-10-23 09:23:37.230 [info] Getting sessions for read:user,repo,user:email,workflow...
2025-10-23 09:23:37.230 [info] Got 0 sessions for read:user,repo,user:email,workflow...
2025-10-23 09:23:37.231 [info] Getting sessions for user:email...
2025-10-23 09:23:37.231 [info] Got 1 sessions for user:email...
2025-10-23 09:23:37.723 [info] Getting sessions for all scopes...
2025-10-23 09:23:37.723 [info] Got 1 sessions for ...
2025-10-23 09:23:37.723 [info] Getting sessions for all scopes...
2025-10-23 09:23:37.723 [info] Got 1 sessions for ...
2025-10-23 09:23:37.724 [info] Getting sessions for read:user,repo,user:email,workflow...
2025-10-23 09:23:37.724 [info] Got 0 sessions for read:user,repo,user:email,workflow...
2025-10-23 09:23:37.724 [info] Getting sessions for user:email...
2025-10-23 09:23:37.724 [info] Got 1 sessions for user:email...
2025-10-23 09:23:37.725 [info] Getting sessions for read:user,repo,user:email,workflow...
2025-10-23 09:23:37.725 [info] Got 0 sessions for read:user,repo,user:email,workflow...
2025-10-23 09:23:37.727 [info] Getting sessions for all scopes...
2025-10-23 09:23:37.727 [info] Got 1 sessions for ...
2025-10-23 09:23:37.731 [info] Getting sessions for read:user,repo,user:email,workflow...
2025-10-23 09:23:37.731 [info] Got 0 sessions for read:user,repo,user:email,workflow...
2025-10-23 09:23:37.731 [info] Getting sessions for read:user,repo,user:email,workflow...
2025-10-23 09:23:37.731 [info] Got 0 sessions for read:user,repo,user:email,workflow...
2025-10-23 09:23:37.732 [info] Getting sessions for all scopes...
2025-10-23 09:23:37.732 [info] Got 1 sessions for ...
2025-10-23 09:23:37.740 [info] Getting sessions for read:user,repo,user:email,workflow...
2025-10-23 09:23:37.740 [info] Got 0 sessions for read:user,repo,user:email,workflow...
2025-10-23 09:23:37.741 [info] Getting sessions for user:email...
2025-10-23 09:23:37.741 [info] Got 1 sessions for user:email...
2025-10-23 09:35:09.987 [info] Getting sessions for read:user,repo,user:email,workflow...
2025-10-23 09:35:09.988 [info] Got 0 sessions for read:user,repo,user:email,workflow...
2025-10-23 09:35:09.991 [info] Getting sessions for read:user...
2025-10-23 09:35:09.991 [info] Got 0 sessions for read:user...
2025-10-23 09:35:09.992 [info] Getting sessions for user:email...
2025-10-23 09:35:09.992 [info] Got 1 sessions for user:email...
