2025-10-23 14:51:24.245 [info] [main] Log level: Info
2025-10-23 14:51:24.245 [info] [main] Validating found git in: "git"
2025-10-23 14:51:24.245 [info] [main] Using git "2.51.1" from "git"
2025-10-23 14:51:24.245 [info] [Model][doInitialScan] Initial repository scan started
2025-10-23 14:51:24.245 [info] > git rev-parse --show-toplevel [6ms]
2025-10-23 14:51:24.245 [info] fatal: not a git repository (or any of the parent directories): .git
2025-10-23 14:51:24.245 [info] > git rev-parse --show-toplevel [2ms]
2025-10-23 14:51:24.245 [info] fatal: not a git repository (or any of the parent directories): .git
2025-10-23 14:51:24.246 [info] > git rev-parse --show-toplevel [8ms]
2025-10-23 14:51:24.246 [info] fatal: not a git repository (or any of the parent directories): .git
2025-10-23 14:51:24.248 [info] [Model][doInitialScan] Initial repository scan completed - repositories (0), closed repositories (0), parent repositories (0), unsafe repositories (0)
2025-10-23 14:51:25.731 [info] > git rev-parse --show-toplevel [42ms]
2025-10-23 14:51:25.731 [info] fatal: not a git repository (or any of the parent directories): .git
2025-10-23 14:51:49.114 [info] [main] Log level: Info
2025-10-23 14:51:49.114 [info] [main] Validating found git in: "git"
2025-10-23 14:51:49.114 [info] [main] Using git "2.51.1" from "git"
2025-10-23 14:51:49.114 [info] [Model][doInitialScan] Initial repository scan started
2025-10-23 14:51:49.114 [info] > git rev-parse --show-toplevel [66ms]
2025-10-23 14:51:49.114 [info] fatal: not a git repository (or any of the parent directories): .git
2025-10-23 14:51:49.130 [info] > git rev-parse --show-toplevel [28ms]
2025-10-23 14:51:49.130 [info] fatal: not a git repository (or any of the parent directories): .git
2025-10-23 14:51:49.132 [info] [Model][doInitialScan] Initial repository scan completed - repositories (0), closed repositories (0), parent repositories (0), unsafe repositories (0)
