2025-10-23 09:02:14.873 [info] [aebc6443-996d-45c2-90f0-388ff96faa56] Native Broker is only available on Windows and macOS
2025-10-23 09:02:14.875 [info] [getSessions] [all] starting
2025-10-23 09:02:14.875 [info] [getSessions] [all] returned 0 session(s)
2025-10-23 09:02:14.875 [info] [getSessions] [all] starting
2025-10-23 09:02:14.875 [info] [getSessions] [all] returned 0 session(s)
2025-10-23 09:02:14.876 [info] [getSessions] [all] starting
2025-10-23 09:02:14.876 [info] [getSessions] [all] returned 0 session(s)
2025-10-23 09:02:14.876 [info] [getSessions] [499b84ac-1321-427f-aa17-267ca6975798/.default offline_access] starting
2025-10-23 09:02:14.876 [info] [aebc6443-996d-45c2-90f0-388ff96faa56] Native Broker is only available on Windows and macOS
2025-10-23 09:02:14.877 [info] [getSessions] [499b84ac-1321-427f-aa17-267ca6975798/.default offline_access] returned 0 session(s)
2025-10-23 09:02:16.478 [info] [getSessions] [all] starting
2025-10-23 09:02:16.478 [info] [getSessions] [all] returned 0 session(s)
2025-10-23 09:02:16.479 [info] [getSessions] [all] starting
2025-10-23 09:02:16.479 [info] [getSessions] [all] returned 0 session(s)
2025-10-23 09:02:16.479 [info] [getSessions] [all] starting
2025-10-23 09:02:16.479 [info] [getSessions] [all] returned 0 session(s)
2025-10-23 09:02:16.628 [info] [getSessions] [499b84ac-1321-427f-aa17-267ca6975798/.default offline_access] starting
2025-10-23 09:02:16.628 [info] [getSessions] [499b84ac-1321-427f-aa17-267ca6975798/.default offline_access] returned 0 session(s)
2025-10-23 09:02:17.432 [info] [getSessions] [all] starting
2025-10-23 09:02:17.433 [info] [getSessions] [all] returned 0 session(s)
2025-10-23 09:23:37.723 [info] [getSessions] [499b84ac-1321-427f-aa17-267ca6975798/.default offline_access] starting
2025-10-23 09:23:37.723 [info] [getSessions] [499b84ac-1321-427f-aa17-267ca6975798/.default offline_access] returned 0 session(s)
