2025-10-23 11:49:53.574 [info] Reading sessions from keychain...
2025-10-23 11:49:53.574 [info] Got stored sessions!
2025-10-23 11:49:53.574 [info] Got 1 verified sessions.
2025-10-23 11:49:53.574 [info] Getting sessions for all scopes...
2025-10-23 11:49:53.574 [info] Got 1 sessions for ...
2025-10-23 11:49:53.574 [info] Getting sessions for all scopes...
2025-10-23 11:49:53.574 [info] Got 1 sessions for ...
2025-10-23 11:49:53.574 [info] Getting sessions for all scopes...
2025-10-23 11:49:53.574 [info] Got 1 sessions for ...
2025-10-23 11:49:53.574 [info] Getting sessions for all scopes...
2025-10-23 11:49:53.574 [info] Got 1 sessions for ...
2025-10-23 11:49:53.574 [info] Getting sessions for all scopes...
2025-10-23 11:49:53.574 [info] Got 1 sessions for ...
2025-10-23 11:49:53.574 [info] Getting sessions for all scopes...
2025-10-23 11:49:53.574 [info] Got 1 sessions for ...
2025-10-23 11:49:53.574 [info] Getting sessions for all scopes...
2025-10-23 11:49:53.574 [info] Got 1 sessions for ...
2025-10-23 11:49:53.574 [info] Getting sessions for all scopes...
2025-10-23 11:49:53.574 [info] Got 1 sessions for ...
2025-10-23 11:49:53.574 [info] Getting sessions for all scopes...
2025-10-23 11:49:53.574 [info] Got 1 sessions for ...
2025-10-23 11:49:53.574 [info] Getting sessions for all scopes...
2025-10-23 11:49:53.574 [info] Got 1 sessions for ...
2025-10-23 11:49:53.574 [info] Getting sessions for all scopes...
2025-10-23 11:49:53.574 [info] Got 1 sessions for ...
2025-10-23 11:49:53.574 [info] Getting sessions for all scopes...
2025-10-23 11:49:53.574 [info] Got 1 sessions for ...
2025-10-23 11:49:53.574 [info] Getting sessions for all scopes...
2025-10-23 11:49:53.574 [info] Got 1 sessions for ...
2025-10-23 11:49:53.574 [info] Getting sessions for all scopes...
2025-10-23 11:49:53.574 [info] Got 1 sessions for ...
2025-10-23 11:49:53.574 [info] Getting sessions for all scopes...
2025-10-23 11:49:53.574 [info] Got 1 sessions for ...
2025-10-23 11:49:53.574 [info] Getting sessions for all scopes...
2025-10-23 11:49:53.574 [info] Got 1 sessions for ...
2025-10-23 11:49:53.574 [info] Getting sessions for all scopes...
2025-10-23 11:49:53.574 [info] Got 1 sessions for ...
2025-10-23 11:49:53.574 [info] Getting sessions for all scopes...
2025-10-23 11:49:53.574 [info] Got 1 sessions for ...
2025-10-23 11:49:53.574 [info] Getting sessions for read:user,repo,user:email,workflow...
2025-10-23 11:49:53.574 [info] Got 0 sessions for read:user,repo,user:email,workflow...
2025-10-23 11:49:53.581 [info] Getting sessions for user:email...
2025-10-23 11:49:53.581 [info] Got 1 sessions for user:email...
2025-10-23 11:49:53.582 [info] Getting sessions for read:user,repo,user:email,workflow...
2025-10-23 11:49:53.582 [info] Got 0 sessions for read:user,repo,user:email,workflow...
2025-10-23 11:49:53.594 [info] Getting sessions for all scopes...
2025-10-23 11:49:53.594 [info] Got 1 sessions for ...
2025-10-23 11:49:53.594 [info] Getting sessions for read:user,repo,user:email,workflow...
2025-10-23 11:49:53.594 [info] Got 0 sessions for read:user,repo,user:email,workflow...
2025-10-23 11:49:53.595 [info] Getting sessions for user:email...
2025-10-23 11:49:53.595 [info] Got 1 sessions for user:email...
2025-10-23 11:49:55.062 [info] Getting sessions for all scopes...
2025-10-23 11:49:55.062 [info] Got 1 sessions for ...
2025-10-23 11:49:55.063 [info] Getting sessions for all scopes...
2025-10-23 11:49:55.063 [info] Got 1 sessions for ...
2025-10-23 11:49:55.063 [info] Getting sessions for all scopes...
2025-10-23 11:49:55.063 [info] Got 1 sessions for ...
2025-10-23 11:49:55.114 [info] Getting sessions for all scopes...
2025-10-23 11:49:55.114 [info] Got 1 sessions for ...
2025-10-23 11:49:55.219 [info] Getting sessions for all scopes...
2025-10-23 11:49:55.219 [info] Got 1 sessions for ...
2025-10-23 11:49:55.509 [info] FetcherService: Electron fetch failed with status: 429 
2025-10-23 11:49:55.577 [info] Getting sessions for all scopes...
2025-10-23 11:49:55.577 [info] Got 1 sessions for ...
2025-10-23 11:49:55.598 [info] Getting sessions for read:user,repo,user:email,workflow...
2025-10-23 11:49:55.598 [info] Got 0 sessions for read:user,repo,user:email,workflow...
2025-10-23 11:49:55.598 [info] Getting sessions for all scopes...
2025-10-23 11:49:55.598 [info] Got 1 sessions for ...
2025-10-23 11:49:55.598 [info] Getting sessions for read:user,repo,user:email,workflow...
2025-10-23 11:49:55.598 [info] Got 0 sessions for read:user,repo,user:email,workflow...
2025-10-23 11:49:55.600 [info] Getting sessions for user:email...
2025-10-23 11:49:55.600 [info] Got 1 sessions for user:email...
2025-10-23 11:49:55.601 [info] Getting sessions for read:user,repo,user:email,workflow...
2025-10-23 11:49:55.601 [info] Got 0 sessions for read:user,repo,user:email,workflow...
2025-10-23 11:49:55.601 [info] Getting sessions for read:user...
2025-10-23 11:49:55.601 [info] Got 0 sessions for read:user...
2025-10-23 11:49:55.605 [info] Getting sessions for all scopes...
2025-10-23 11:49:55.605 [info] Got 1 sessions for ...
2025-10-23 11:49:55.606 [info] Getting sessions for all scopes...
2025-10-23 11:49:55.606 [info] Got 1 sessions for ...
2025-10-23 11:49:55.606 [info] Getting sessions for all scopes...
2025-10-23 11:49:55.606 [info] Got 1 sessions for ...
2025-10-23 11:49:55.606 [info] Getting sessions for all scopes...
2025-10-23 11:49:55.606 [info] Got 1 sessions for ...
2025-10-23 11:49:55.606 [info] Getting sessions for user:email...
2025-10-23 11:49:55.606 [info] Got 1 sessions for user:email...
2025-10-23 11:49:55.609 [info] Getting sessions for read:user,repo,user:email,workflow...
2025-10-23 11:49:55.609 [info] Got 0 sessions for read:user,repo,user:email,workflow...
2025-10-23 11:49:55.610 [info] Getting sessions for user:email...
2025-10-23 11:49:55.610 [info] Got 1 sessions for user:email...
2025-10-23 11:49:55.691 [info] Getting sessions for read:user,repo,user:email,workflow...
2025-10-23 11:49:55.691 [info] Got 0 sessions for read:user,repo,user:email,workflow...
2025-10-23 11:49:55.695 [info] Getting sessions for all scopes...
2025-10-23 11:49:55.695 [info] Got 1 sessions for ...
2025-10-23 11:49:55.701 [info] Getting sessions for read:user,repo,user:email,workflow...
2025-10-23 11:49:55.701 [info] Got 0 sessions for read:user,repo,user:email,workflow...
2025-10-23 11:49:55.701 [info] Getting sessions for user:email...
2025-10-23 11:49:55.701 [info] Got 1 sessions for user:email...
2025-10-23 11:49:55.982 [info] FetcherService: Node fetch failed with status: 429 Too Many Requests
2025-10-23 11:49:56.179 [info] Getting sessions for all scopes...
2025-10-23 11:49:56.179 [info] Got 1 sessions for ...
2025-10-23 11:49:56.278 [info] FetcherService: Node http/s failed with status: 429 Too Many Requests
