2025-10-23 11:32:30.588 [info] Reading sessions from keychain...
2025-10-23 11:32:30.588 [info] Got stored sessions!
2025-10-23 11:32:30.588 [info] Got 1 verified sessions.
2025-10-23 11:32:30.588 [info] Getting sessions for all scopes...
2025-10-23 11:32:30.588 [info] Got 1 sessions for ...
2025-10-23 11:32:30.588 [info] Getting sessions for all scopes...
2025-10-23 11:32:30.588 [info] Got 1 sessions for ...
2025-10-23 11:32:30.588 [info] Getting sessions for all scopes...
2025-10-23 11:32:30.588 [info] Got 1 sessions for ...
2025-10-23 11:32:30.588 [info] Getting sessions for all scopes...
2025-10-23 11:32:30.588 [info] Got 1 sessions for ...
2025-10-23 11:32:30.588 [info] Getting sessions for all scopes...
2025-10-23 11:32:30.588 [info] Got 1 sessions for ...
2025-10-23 11:32:30.588 [info] Getting sessions for all scopes...
2025-10-23 11:32:30.588 [info] Got 1 sessions for ...
2025-10-23 11:32:30.588 [info] Getting sessions for all scopes...
2025-10-23 11:32:30.588 [info] Got 1 sessions for ...
2025-10-23 11:32:30.588 [info] Getting sessions for all scopes...
2025-10-23 11:32:30.588 [info] Got 1 sessions for ...
2025-10-23 11:32:30.588 [info] Getting sessions for all scopes...
2025-10-23 11:32:30.588 [info] Got 1 sessions for ...
2025-10-23 11:32:30.588 [info] Getting sessions for all scopes...
2025-10-23 11:32:30.588 [info] Got 1 sessions for ...
2025-10-23 11:32:30.588 [info] Getting sessions for all scopes...
2025-10-23 11:32:30.588 [info] Got 1 sessions for ...
2025-10-23 11:32:30.588 [info] Getting sessions for all scopes...
2025-10-23 11:32:30.588 [info] Got 1 sessions for ...
2025-10-23 11:32:30.588 [info] Getting sessions for all scopes...
2025-10-23 11:32:30.588 [info] Got 1 sessions for ...
2025-10-23 11:32:30.588 [info] Getting sessions for all scopes...
2025-10-23 11:32:30.588 [info] Got 1 sessions for ...
2025-10-23 11:32:30.588 [info] Getting sessions for all scopes...
2025-10-23 11:32:30.588 [info] Got 1 sessions for ...
2025-10-23 11:32:30.588 [info] Getting sessions for all scopes...
2025-10-23 11:32:30.588 [info] Got 1 sessions for ...
2025-10-23 11:32:30.588 [info] Getting sessions for all scopes...
2025-10-23 11:32:30.588 [info] Got 1 sessions for ...
2025-10-23 11:32:30.588 [info] Getting sessions for all scopes...
2025-10-23 11:32:30.588 [info] Got 1 sessions for ...
2025-10-23 11:32:30.588 [info] Getting sessions for read:user,repo,user:email,workflow...
2025-10-23 11:32:30.588 [info] Got 0 sessions for read:user,repo,user:email,workflow...
2025-10-23 11:32:30.599 [info] Getting sessions for user:email...
2025-10-23 11:32:30.599 [info] Got 1 sessions for user:email...
2025-10-23 11:32:30.599 [info] Getting sessions for read:user,repo,user:email,workflow...
2025-10-23 11:32:30.599 [info] Got 0 sessions for read:user,repo,user:email,workflow...
2025-10-23 11:32:30.611 [info] Getting sessions for all scopes...
2025-10-23 11:32:30.611 [info] Got 1 sessions for ...
2025-10-23 11:32:30.612 [info] Getting sessions for read:user,repo,user:email,workflow...
2025-10-23 11:32:30.612 [info] Got 0 sessions for read:user,repo,user:email,workflow...
2025-10-23 11:32:30.612 [info] Getting sessions for user:email...
2025-10-23 11:32:30.612 [info] Got 1 sessions for user:email...
2025-10-23 11:32:32.139 [info] Getting sessions for all scopes...
2025-10-23 11:32:32.139 [info] Got 1 sessions for ...
2025-10-23 11:32:32.139 [info] Getting sessions for all scopes...
2025-10-23 11:32:32.139 [info] Got 1 sessions for ...
2025-10-23 11:32:32.139 [info] Getting sessions for all scopes...
2025-10-23 11:32:32.139 [info] Got 1 sessions for ...
2025-10-23 11:32:32.313 [info] Getting sessions for all scopes...
2025-10-23 11:32:32.313 [info] Got 1 sessions for ...
2025-10-23 11:32:32.313 [info] Getting sessions for all scopes...
2025-10-23 11:32:32.313 [info] Got 1 sessions for ...
2025-10-23 11:32:32.678 [info] FetcherService: Electron fetch failed with status: 429 
2025-10-23 11:32:32.682 [info] Getting sessions for all scopes...
2025-10-23 11:32:32.682 [info] Got 1 sessions for ...
2025-10-23 11:32:32.696 [info] Getting sessions for read:user,repo,user:email,workflow...
2025-10-23 11:32:32.696 [info] Got 0 sessions for read:user,repo,user:email,workflow...
2025-10-23 11:32:32.696 [info] Getting sessions for all scopes...
2025-10-23 11:32:32.696 [info] Got 1 sessions for ...
2025-10-23 11:32:32.697 [info] Getting sessions for read:user,repo,user:email,workflow...
2025-10-23 11:32:32.697 [info] Got 0 sessions for read:user,repo,user:email,workflow...
2025-10-23 11:32:32.700 [info] Getting sessions for user:email...
2025-10-23 11:32:32.700 [info] Got 1 sessions for user:email...
2025-10-23 11:32:32.700 [info] Getting sessions for read:user,repo,user:email,workflow...
2025-10-23 11:32:32.700 [info] Got 0 sessions for read:user,repo,user:email,workflow...
2025-10-23 11:32:32.700 [info] Getting sessions for read:user...
2025-10-23 11:32:32.700 [info] Got 0 sessions for read:user...
2025-10-23 11:32:32.704 [info] Getting sessions for all scopes...
2025-10-23 11:32:32.704 [info] Got 1 sessions for ...
2025-10-23 11:32:32.705 [info] Getting sessions for all scopes...
2025-10-23 11:32:32.705 [info] Got 1 sessions for ...
2025-10-23 11:32:32.705 [info] Getting sessions for all scopes...
2025-10-23 11:32:32.705 [info] Got 1 sessions for ...
2025-10-23 11:32:32.705 [info] Getting sessions for all scopes...
2025-10-23 11:32:32.705 [info] Got 1 sessions for ...
2025-10-23 11:32:32.705 [info] Getting sessions for user:email...
2025-10-23 11:32:32.705 [info] Got 1 sessions for user:email...
2025-10-23 11:32:32.708 [info] Getting sessions for read:user,repo,user:email,workflow...
2025-10-23 11:32:32.708 [info] Got 0 sessions for read:user,repo,user:email,workflow...
2025-10-23 11:32:32.710 [info] Getting sessions for user:email...
2025-10-23 11:32:32.710 [info] Got 1 sessions for user:email...
2025-10-23 11:32:32.790 [info] Getting sessions for read:user,repo,user:email,workflow...
2025-10-23 11:32:32.790 [info] Got 0 sessions for read:user,repo,user:email,workflow...
2025-10-23 11:32:32.791 [info] Getting sessions for all scopes...
2025-10-23 11:32:32.791 [info] Got 1 sessions for ...
2025-10-23 11:32:32.792 [info] Getting sessions for read:user,repo,user:email,workflow...
2025-10-23 11:32:32.792 [info] Got 0 sessions for read:user,repo,user:email,workflow...
2025-10-23 11:32:32.793 [info] Getting sessions for user:email...
2025-10-23 11:32:32.793 [info] Got 1 sessions for user:email...
2025-10-23 11:32:32.987 [info] FetcherService: Node fetch failed with status: 429 Too Many Requests
2025-10-23 11:32:33.082 [info] Getting sessions for all scopes...
2025-10-23 11:32:33.082 [info] Got 1 sessions for ...
2025-10-23 11:32:33.298 [info] FetcherService: Node http/s failed with status: 429 Too Many Requests
