2025-10-23 07:59:37.766 [info] [aebc6443-996d-45c2-90f0-388ff96faa56] Native Broker is only available on Windows and macOS
2025-10-23 07:59:39.210 [info] [getSessions] [all] starting
2025-10-23 07:59:39.210 [info] [getSessions] [all] returned 0 session(s)
2025-10-23 07:59:39.210 [info] [getSessions] [all] starting
2025-10-23 07:59:39.210 [info] [getSessions] [all] returned 0 session(s)
2025-10-23 07:59:39.210 [info] [getSessions] [all] starting
2025-10-23 07:59:39.210 [info] [getSessions] [all] returned 0 session(s)
2025-10-23 07:59:39.242 [info] [getSessions] [all] starting
2025-10-23 07:59:39.242 [info] [getSessions] [all] returned 0 session(s)
2025-10-23 07:59:39.243 [info] [getSessions] [all] starting
2025-10-23 07:59:39.243 [info] [getSessions] [all] returned 0 session(s)
2025-10-23 07:59:39.252 [info] [getSessions] [all] starting
2025-10-23 07:59:39.252 [info] [getSessions] [all] returned 0 session(s)
2025-10-23 07:59:39.260 [info] [getSessions] [499b84ac-1321-427f-aa17-267ca6975798/.default offline_access] starting
2025-10-23 07:59:39.260 [info] [aebc6443-996d-45c2-90f0-388ff96faa56] Native Broker is only available on Windows and macOS
2025-10-23 07:59:39.386 [info] [getSessions] [499b84ac-1321-427f-aa17-267ca6975798/.default offline_access] returned 0 session(s)
2025-10-23 07:59:40.159 [info] [getSessions] [499b84ac-1321-427f-aa17-267ca6975798/.default offline_access] starting
2025-10-23 07:59:40.159 [info] [getSessions] [499b84ac-1321-427f-aa17-267ca6975798/.default offline_access] returned 0 session(s)
2025-10-23 07:59:40.677 [info] [getSessions] [all] starting
2025-10-23 07:59:40.677 [info] [getSessions] [all] returned 0 session(s)
