2025-10-23 11:20:21.166 [info] [aebc6443-996d-45c2-90f0-388ff96faa56] Native Broker is only available on Windows and macOS
2025-10-23 11:20:21.174 [info] [getSessions] [all] starting
2025-10-23 11:20:21.174 [info] [getSessions] [all] returned 0 session(s)
2025-10-23 11:20:21.174 [info] [getSessions] [all] starting
2025-10-23 11:20:21.174 [info] [getSessions] [all] returned 0 session(s)
2025-10-23 11:20:21.174 [info] [getSessions] [all] starting
2025-10-23 11:20:21.174 [info] [getSessions] [all] returned 0 session(s)
2025-10-23 11:20:21.175 [info] [getSessions] [499b84ac-1321-427f-aa17-267ca6975798/.default offline_access] starting
2025-10-23 11:20:21.175 [info] [aebc6443-996d-45c2-90f0-388ff96faa56] Native Broker is only available on Windows and macOS
2025-10-23 11:20:21.176 [info] [getSessions] [499b84ac-1321-427f-aa17-267ca6975798/.default offline_access] returned 0 session(s)
2025-10-23 11:20:22.793 [info] [getSessions] [all] starting
2025-10-23 11:20:22.793 [info] [getSessions] [all] returned 0 session(s)
2025-10-23 11:20:22.793 [info] [getSessions] [all] starting
2025-10-23 11:20:22.793 [info] [getSessions] [all] returned 0 session(s)
2025-10-23 11:20:22.794 [info] [getSessions] [all] starting
2025-10-23 11:20:22.794 [info] [getSessions] [all] returned 0 session(s)
2025-10-23 11:20:23.058 [info] [getSessions] [499b84ac-1321-427f-aa17-267ca6975798/.default offline_access] starting
2025-10-23 11:20:23.058 [info] [getSessions] [499b84ac-1321-427f-aa17-267ca6975798/.default offline_access] returned 0 session(s)
2025-10-23 11:20:23.822 [info] [getSessions] [all] starting
2025-10-23 11:20:23.822 [info] [getSessions] [all] returned 0 session(s)
