2025-10-23 14:51:24.212 [info] Reading sessions from keychain...
2025-10-23 14:51:24.212 [info] Got stored sessions!
2025-10-23 14:51:24.212 [info] Got 1 verified sessions.
2025-10-23 14:51:24.212 [info] Getting sessions for all scopes...
2025-10-23 14:51:24.212 [info] Got 1 sessions for ...
2025-10-23 14:51:24.212 [info] Getting sessions for all scopes...
2025-10-23 14:51:24.212 [info] Got 1 sessions for ...
2025-10-23 14:51:24.212 [info] Getting sessions for all scopes...
2025-10-23 14:51:24.212 [info] Got 1 sessions for ...
2025-10-23 14:51:24.212 [info] Getting sessions for all scopes...
2025-10-23 14:51:24.212 [info] Got 1 sessions for ...
2025-10-23 14:51:24.212 [info] Getting sessions for all scopes...
2025-10-23 14:51:24.212 [info] Got 1 sessions for ...
2025-10-23 14:51:24.212 [info] Getting sessions for all scopes...
2025-10-23 14:51:24.212 [info] Got 1 sessions for ...
2025-10-23 14:51:24.212 [info] Getting sessions for all scopes...
2025-10-23 14:51:24.212 [info] Got 1 sessions for ...
2025-10-23 14:51:24.212 [info] Getting sessions for all scopes...
2025-10-23 14:51:24.212 [info] Got 1 sessions for ...
2025-10-23 14:51:24.212 [info] Getting sessions for all scopes...
2025-10-23 14:51:24.212 [info] Got 1 sessions for ...
2025-10-23 14:51:24.212 [info] Getting sessions for all scopes...
2025-10-23 14:51:24.212 [info] Got 1 sessions for ...
2025-10-23 14:51:24.212 [info] Getting sessions for all scopes...
2025-10-23 14:51:24.212 [info] Got 1 sessions for ...
2025-10-23 14:51:24.212 [info] Getting sessions for all scopes...
2025-10-23 14:51:24.212 [info] Got 1 sessions for ...
2025-10-23 14:51:24.212 [info] Getting sessions for all scopes...
2025-10-23 14:51:24.212 [info] Got 1 sessions for ...
2025-10-23 14:51:24.212 [info] Getting sessions for all scopes...
2025-10-23 14:51:24.212 [info] Got 1 sessions for ...
2025-10-23 14:51:24.212 [info] Getting sessions for all scopes...
2025-10-23 14:51:24.212 [info] Got 1 sessions for ...
2025-10-23 14:51:24.212 [info] Getting sessions for all scopes...
2025-10-23 14:51:24.212 [info] Got 1 sessions for ...
2025-10-23 14:51:24.212 [info] Getting sessions for all scopes...
2025-10-23 14:51:24.212 [info] Got 1 sessions for ...
2025-10-23 14:51:24.212 [info] Getting sessions for all scopes...
2025-10-23 14:51:24.212 [info] Got 1 sessions for ...
2025-10-23 14:51:24.212 [info] Getting sessions for read:user,repo,user:email,workflow...
2025-10-23 14:51:24.212 [info] Got 0 sessions for read:user,repo,user:email,workflow...
2025-10-23 14:51:24.233 [info] Getting sessions for user:email...
2025-10-23 14:51:24.233 [info] Got 1 sessions for user:email...
2025-10-23 14:51:24.233 [info] Getting sessions for read:user,repo,user:email,workflow...
2025-10-23 14:51:24.233 [info] Got 0 sessions for read:user,repo,user:email,workflow...
2025-10-23 14:51:24.253 [info] Getting sessions for all scopes...
2025-10-23 14:51:24.253 [info] Got 1 sessions for ...
2025-10-23 14:51:24.253 [info] Getting sessions for read:user,repo,user:email,workflow...
2025-10-23 14:51:24.254 [info] Got 0 sessions for read:user,repo,user:email,workflow...
2025-10-23 14:51:24.254 [info] Getting sessions for user:email...
2025-10-23 14:51:24.254 [info] Got 1 sessions for user:email...
2025-10-23 14:51:25.683 [info] Getting sessions for all scopes...
2025-10-23 14:51:25.683 [info] Got 1 sessions for ...
2025-10-23 14:51:25.683 [info] Getting sessions for all scopes...
2025-10-23 14:51:25.683 [info] Got 1 sessions for ...
2025-10-23 14:51:25.684 [info] Getting sessions for all scopes...
2025-10-23 14:51:25.684 [info] Got 1 sessions for ...
2025-10-23 14:51:25.845 [info] Getting sessions for all scopes...
2025-10-23 14:51:25.845 [info] Got 1 sessions for ...
2025-10-23 14:51:25.845 [info] Getting sessions for all scopes...
2025-10-23 14:51:25.845 [info] Got 1 sessions for ...
2025-10-23 14:51:26.219 [info] FetcherService: Electron fetch failed with status: 429 
2025-10-23 14:51:26.223 [info] Getting sessions for all scopes...
2025-10-23 14:51:26.223 [info] Got 1 sessions for ...
2025-10-23 14:51:26.238 [info] Getting sessions for read:user,repo,user:email,workflow...
2025-10-23 14:51:26.238 [info] Got 0 sessions for read:user,repo,user:email,workflow...
2025-10-23 14:51:26.238 [info] Getting sessions for all scopes...
2025-10-23 14:51:26.238 [info] Got 1 sessions for ...
2025-10-23 14:51:26.238 [info] Getting sessions for read:user,repo,user:email,workflow...
2025-10-23 14:51:26.238 [info] Got 0 sessions for read:user,repo,user:email,workflow...
2025-10-23 14:51:26.242 [info] Getting sessions for user:email...
2025-10-23 14:51:26.242 [info] Got 1 sessions for user:email...
2025-10-23 14:51:26.242 [info] Getting sessions for read:user,repo,user:email,workflow...
2025-10-23 14:51:26.242 [info] Got 0 sessions for read:user,repo,user:email,workflow...
2025-10-23 14:51:26.242 [info] Getting sessions for read:user...
2025-10-23 14:51:26.242 [info] Got 0 sessions for read:user...
2025-10-23 14:51:26.246 [info] Getting sessions for all scopes...
2025-10-23 14:51:26.246 [info] Got 1 sessions for ...
2025-10-23 14:51:26.247 [info] Getting sessions for all scopes...
2025-10-23 14:51:26.247 [info] Got 1 sessions for ...
2025-10-23 14:51:26.247 [info] Getting sessions for all scopes...
2025-10-23 14:51:26.247 [info] Got 1 sessions for ...
2025-10-23 14:51:26.248 [info] Getting sessions for all scopes...
2025-10-23 14:51:26.248 [info] Got 1 sessions for ...
2025-10-23 14:51:26.248 [info] Getting sessions for user:email...
2025-10-23 14:51:26.248 [info] Got 1 sessions for user:email...
2025-10-23 14:51:26.251 [info] Getting sessions for read:user,repo,user:email,workflow...
2025-10-23 14:51:26.251 [info] Got 0 sessions for read:user,repo,user:email,workflow...
2025-10-23 14:51:26.252 [info] Getting sessions for user:email...
2025-10-23 14:51:26.252 [info] Got 1 sessions for user:email...
2025-10-23 14:51:26.252 [info] Getting sessions for read:user,repo,user:email,workflow...
2025-10-23 14:51:26.252 [info] Got 0 sessions for read:user,repo,user:email,workflow...
2025-10-23 14:51:26.335 [info] Getting sessions for all scopes...
2025-10-23 14:51:26.335 [info] Got 1 sessions for ...
2025-10-23 14:51:26.336 [info] Getting sessions for read:user,repo,user:email,workflow...
2025-10-23 14:51:26.336 [info] Got 0 sessions for read:user,repo,user:email,workflow...
2025-10-23 14:51:26.336 [info] Getting sessions for user:email...
2025-10-23 14:51:26.336 [info] Got 1 sessions for user:email...
2025-10-23 14:51:26.538 [info] FetcherService: Node fetch failed with status: 429 Too Many Requests
2025-10-23 14:51:26.835 [info] FetcherService: Node http/s failed with status: 429 Too Many Requests
2025-10-23 14:51:26.878 [info] Getting sessions for all scopes...
2025-10-23 14:51:26.878 [info] Got 1 sessions for ...
2025-10-23 14:51:45.393 [info] Reading sessions from keychain...
2025-10-23 14:51:45.393 [info] Got stored sessions!
2025-10-23 14:51:45.393 [info] Got 1 verified sessions.
2025-10-23 14:51:45.393 [info] Getting sessions for all scopes...
2025-10-23 14:51:45.393 [info] Got 1 sessions for ...
2025-10-23 14:51:45.393 [info] Getting sessions for all scopes...
2025-10-23 14:51:45.393 [info] Got 1 sessions for ...
2025-10-23 14:51:45.393 [info] Getting sessions for all scopes...
2025-10-23 14:51:45.393 [info] Got 1 sessions for ...
2025-10-23 14:51:45.404 [info] Getting sessions for all scopes...
2025-10-23 14:51:45.404 [info] Got 1 sessions for ...
2025-10-23 14:51:45.404 [info] Getting sessions for all scopes...
2025-10-23 14:51:45.404 [info] Got 1 sessions for ...
2025-10-23 14:51:45.404 [info] Getting sessions for all scopes...
2025-10-23 14:51:45.404 [info] Got 1 sessions for ...
2025-10-23 14:51:45.404 [info] Getting sessions for all scopes...
2025-10-23 14:51:45.404 [info] Got 1 sessions for ...
2025-10-23 14:51:45.405 [info] Getting sessions for all scopes...
2025-10-23 14:51:45.405 [info] Got 1 sessions for ...
2025-10-23 14:51:45.410 [info] Getting sessions for all scopes...
2025-10-23 14:51:45.410 [info] Got 1 sessions for ...
2025-10-23 14:51:45.411 [info] Getting sessions for all scopes...
2025-10-23 14:51:45.411 [info] Got 1 sessions for ...
2025-10-23 14:51:45.411 [info] Getting sessions for all scopes...
2025-10-23 14:51:45.411 [info] Got 1 sessions for ...
2025-10-23 14:51:45.411 [info] Getting sessions for all scopes...
2025-10-23 14:51:45.411 [info] Got 1 sessions for ...
2025-10-23 14:51:45.411 [info] Getting sessions for all scopes...
2025-10-23 14:51:45.411 [info] Got 1 sessions for ...
2025-10-23 14:51:45.411 [info] Getting sessions for all scopes...
2025-10-23 14:51:45.411 [info] Got 1 sessions for ...
2025-10-23 14:51:45.583 [info] Getting sessions for all scopes...
2025-10-23 14:51:45.583 [info] Got 1 sessions for ...
2025-10-23 14:51:46.511 [info] FetcherService: Electron fetch failed with status: 429 
2025-10-23 14:51:46.871 [info] FetcherService: Node fetch failed with status: 429 Too Many Requests
2025-10-23 14:51:48.841 [info] Getting sessions for all scopes...
2025-10-23 14:51:48.841 [info] Got 1 sessions for ...
2025-10-23 14:51:48.842 [info] Getting sessions for all scopes...
2025-10-23 14:51:48.842 [info] Got 1 sessions for ...
2025-10-23 14:51:48.842 [info] Getting sessions for all scopes...
2025-10-23 14:51:48.842 [info] Got 1 sessions for ...
2025-10-23 14:51:48.942 [info] Getting sessions for all scopes...
2025-10-23 14:51:48.942 [info] Got 1 sessions for ...
2025-10-23 14:51:48.942 [info] Getting sessions for all scopes...
2025-10-23 14:51:48.942 [info] Got 1 sessions for ...
2025-10-23 14:51:49.116 [info] FetcherService: Node http/s failed with status: 429 Too Many Requests
2025-10-23 14:51:49.132 [info] Getting sessions for read:user,repo,user:email,workflow...
2025-10-23 14:51:49.132 [info] Got 0 sessions for read:user,repo,user:email,workflow...
2025-10-23 14:51:49.355 [info] Getting sessions for all scopes...
2025-10-23 14:51:49.356 [info] Got 1 sessions for ...
2025-10-23 14:51:49.357 [info] Getting sessions for all scopes...
2025-10-23 14:51:49.357 [info] Got 1 sessions for ...
2025-10-23 14:51:49.357 [info] Getting sessions for read:user,repo,user:email,workflow...
2025-10-23 14:51:49.357 [info] Got 0 sessions for read:user,repo,user:email,workflow...
2025-10-23 14:51:49.357 [info] Getting sessions for user:email...
2025-10-23 14:51:49.357 [info] Got 1 sessions for user:email...
2025-10-23 14:51:49.357 [info] Getting sessions for read:user,repo,user:email,workflow...
2025-10-23 14:51:49.357 [info] Got 0 sessions for read:user,repo,user:email,workflow...
2025-10-23 14:51:49.362 [info] Getting sessions for read:user...
2025-10-23 14:51:49.362 [info] Got 0 sessions for read:user...
2025-10-23 14:51:49.364 [info] Getting sessions for all scopes...
2025-10-23 14:51:49.364 [info] Got 1 sessions for ...
2025-10-23 14:51:49.366 [info] Getting sessions for user:email...
2025-10-23 14:51:49.366 [info] Got 1 sessions for user:email...
2025-10-23 14:51:49.371 [info] Getting sessions for all scopes...
2025-10-23 14:51:49.371 [info] Got 1 sessions for ...
2025-10-23 14:51:49.478 [info] Getting sessions for read:user,repo,user:email,workflow...
2025-10-23 14:51:49.478 [info] Got 0 sessions for read:user,repo,user:email,workflow...
2025-10-23 14:51:49.479 [info] Getting sessions for user:email...
2025-10-23 14:51:49.479 [info] Got 1 sessions for user:email...
2025-10-23 14:51:49.613 [info] Getting sessions for all scopes...
2025-10-23 14:51:49.613 [info] Got 1 sessions for ...
2025-10-23 14:51:49.614 [info] Getting sessions for read:user,repo,user:email,workflow...
2025-10-23 14:51:49.614 [info] Got 0 sessions for read:user,repo,user:email,workflow...
2025-10-23 14:51:49.615 [info] Getting sessions for user:email...
2025-10-23 14:51:49.615 [info] Got 1 sessions for user:email...
2025-10-23 14:51:49.805 [info] Getting sessions for all scopes...
2025-10-23 14:51:49.805 [info] Got 1 sessions for ...
2025-10-23 14:51:49.805 [info] Getting sessions for all scopes...
2025-10-23 14:51:49.806 [info] Got 1 sessions for ...
2025-10-23 14:51:49.816 [info] Getting sessions for read:user,repo,user:email,workflow...
2025-10-23 14:51:49.816 [info] Got 0 sessions for read:user,repo,user:email,workflow...
2025-10-23 14:51:49.830 [info] Getting sessions for user:email...
2025-10-23 14:51:49.830 [info] Got 1 sessions for user:email...
2025-10-23 14:51:49.831 [info] Getting sessions for read:user,repo,user:email,workflow...
2025-10-23 14:51:49.831 [info] Got 0 sessions for read:user,repo,user:email,workflow...
2025-10-23 14:51:49.875 [info] Getting sessions for all scopes...
2025-10-23 14:51:49.875 [info] Got 1 sessions for ...
2025-10-23 14:51:49.876 [info] Getting sessions for all scopes...
2025-10-23 14:51:49.876 [info] Got 1 sessions for ...
2025-10-23 14:51:49.877 [info] Getting sessions for all scopes...
2025-10-23 14:51:49.877 [info] Got 1 sessions for ...
2025-10-23 14:51:49.879 [info] Getting sessions for all scopes...
2025-10-23 14:51:49.879 [info] Got 1 sessions for ...
2025-10-23 14:51:49.880 [info] Getting sessions for read:user,repo,user:email,workflow...
2025-10-23 14:51:49.880 [info] Got 0 sessions for read:user,repo,user:email,workflow...
2025-10-23 14:51:49.881 [info] Getting sessions for user:email...
2025-10-23 14:51:49.881 [info] Got 1 sessions for user:email...
2025-10-23 14:51:49.881 [info] Getting sessions for read:user,repo,user:email,workflow...
2025-10-23 14:51:49.881 [info] Got 0 sessions for read:user,repo,user:email,workflow...
2025-10-23 14:51:49.883 [info] Getting sessions for all scopes...
2025-10-23 14:51:49.883 [info] Got 1 sessions for ...
2025-10-23 14:51:49.884 [info] Getting sessions for read:user,repo,user:email,workflow...
2025-10-23 14:51:49.884 [info] Got 0 sessions for read:user,repo,user:email,workflow...
2025-10-23 14:51:49.884 [info] Getting sessions for user:email...
2025-10-23 14:51:49.884 [info] Got 1 sessions for user:email...
2025-10-23 14:51:50.031 [info] Getting sessions for all scopes...
2025-10-23 14:51:50.031 [info] Got 1 sessions for ...
2025-10-23 14:52:08.174 [info] Getting sessions for all scopes...
2025-10-23 14:52:08.174 [info] Got 1 sessions for ...
2025-10-23 14:52:08.176 [info] Getting sessions for read:user,repo,user:email,workflow...
2025-10-23 14:52:08.176 [info] Got 0 sessions for read:user,repo,user:email,workflow...
2025-10-23 14:52:08.177 [info] Getting sessions for user:email...
2025-10-23 14:52:08.177 [info] Got 1 sessions for user:email...
2025-10-23 14:52:08.593 [info] Getting sessions for all scopes...
2025-10-23 14:52:08.593 [info] Got 1 sessions for ...
2025-10-23 14:52:08.595 [info] Getting sessions for read:user,repo,user:email,workflow...
2025-10-23 14:52:08.595 [info] Got 0 sessions for read:user,repo,user:email,workflow...
2025-10-23 14:52:08.596 [info] Getting sessions for user:email...
2025-10-23 14:52:08.596 [info] Got 1 sessions for user:email...
2025-10-23 14:52:37.725 [info] Getting sessions for all scopes...
2025-10-23 14:52:37.725 [info] Got 1 sessions for ...
2025-10-23 14:52:37.726 [info] Getting sessions for read:user,repo,user:email,workflow...
2025-10-23 14:52:37.726 [info] Got 0 sessions for read:user,repo,user:email,workflow...
2025-10-23 14:52:37.728 [info] Getting sessions for user:email...
2025-10-23 14:52:37.728 [info] Got 1 sessions for user:email...
2025-10-23 14:52:38.199 [info] Getting sessions for all scopes...
2025-10-23 14:52:38.199 [info] Got 1 sessions for ...
2025-10-23 14:52:38.200 [info] Getting sessions for read:user,repo,user:email,workflow...
2025-10-23 14:52:38.200 [info] Got 0 sessions for read:user,repo,user:email,workflow...
2025-10-23 14:52:38.201 [info] Getting sessions for user:email...
2025-10-23 14:52:38.201 [info] Got 1 sessions for user:email...
2025-10-23 14:52:38.448 [info] Getting sessions for all scopes...
2025-10-23 14:52:38.448 [info] Got 1 sessions for ...
2025-10-23 14:52:38.449 [info] Getting sessions for read:user,repo,user:email,workflow...
2025-10-23 14:52:38.449 [info] Got 0 sessions for read:user,repo,user:email,workflow...
2025-10-23 14:52:38.450 [info] Getting sessions for user:email...
2025-10-23 14:52:38.450 [info] Got 1 sessions for user:email...
2025-10-23 14:52:55.272 [info] Getting sessions for all scopes...
2025-10-23 14:52:55.272 [info] Got 1 sessions for ...
2025-10-23 14:52:55.282 [info] Getting sessions for all scopes...
2025-10-23 14:52:55.283 [info] Got 1 sessions for ...
2025-10-23 14:52:55.432 [info] Getting sessions for all scopes...
2025-10-23 14:52:55.432 [info] Got 1 sessions for ...
2025-10-23 14:52:55.437 [info] Getting sessions for all scopes...
2025-10-23 14:52:55.437 [info] Got 1 sessions for ...
2025-10-23 14:52:55.581 [info] Getting sessions for all scopes...
2025-10-23 14:52:55.581 [info] Got 1 sessions for ...
2025-10-23 14:52:55.582 [info] Getting sessions for all scopes...
2025-10-23 14:52:55.582 [info] Got 1 sessions for ...
