2025-10-23 11:20:21.143 [info] Reading sessions from keychain...
2025-10-23 11:20:21.143 [info] Got stored sessions!
2025-10-23 11:20:21.143 [info] Got 1 verified sessions.
2025-10-23 11:20:21.143 [info] Getting sessions for all scopes...
2025-10-23 11:20:21.143 [info] Got 1 sessions for ...
2025-10-23 11:20:21.143 [info] Getting sessions for all scopes...
2025-10-23 11:20:21.143 [info] Got 1 sessions for ...
2025-10-23 11:20:21.143 [info] Getting sessions for all scopes...
2025-10-23 11:20:21.143 [info] Got 1 sessions for ...
2025-10-23 11:20:21.143 [info] Getting sessions for all scopes...
2025-10-23 11:20:21.143 [info] Got 1 sessions for ...
2025-10-23 11:20:21.143 [info] Getting sessions for all scopes...
2025-10-23 11:20:21.143 [info] Got 1 sessions for ...
2025-10-23 11:20:21.143 [info] Getting sessions for all scopes...
2025-10-23 11:20:21.143 [info] Got 1 sessions for ...
2025-10-23 11:20:21.143 [info] Getting sessions for all scopes...
2025-10-23 11:20:21.143 [info] Got 1 sessions for ...
2025-10-23 11:20:21.143 [info] Getting sessions for all scopes...
2025-10-23 11:20:21.143 [info] Got 1 sessions for ...
2025-10-23 11:20:21.143 [info] Getting sessions for all scopes...
2025-10-23 11:20:21.143 [info] Got 1 sessions for ...
2025-10-23 11:20:21.143 [info] Getting sessions for all scopes...
2025-10-23 11:20:21.143 [info] Got 1 sessions for ...
2025-10-23 11:20:21.143 [info] Getting sessions for all scopes...
2025-10-23 11:20:21.143 [info] Got 1 sessions for ...
2025-10-23 11:20:21.143 [info] Getting sessions for all scopes...
2025-10-23 11:20:21.143 [info] Got 1 sessions for ...
2025-10-23 11:20:21.143 [info] Getting sessions for all scopes...
2025-10-23 11:20:21.143 [info] Got 1 sessions for ...
2025-10-23 11:20:21.143 [info] Getting sessions for all scopes...
2025-10-23 11:20:21.143 [info] Got 1 sessions for ...
2025-10-23 11:20:21.143 [info] Getting sessions for all scopes...
2025-10-23 11:20:21.143 [info] Got 1 sessions for ...
2025-10-23 11:20:21.143 [info] Getting sessions for all scopes...
2025-10-23 11:20:21.143 [info] Got 1 sessions for ...
2025-10-23 11:20:21.143 [info] Getting sessions for all scopes...
2025-10-23 11:20:21.143 [info] Got 1 sessions for ...
2025-10-23 11:20:21.143 [info] Getting sessions for all scopes...
2025-10-23 11:20:21.143 [info] Got 1 sessions for ...
2025-10-23 11:20:21.143 [info] Getting sessions for read:user,repo,user:email,workflow...
2025-10-23 11:20:21.143 [info] Got 0 sessions for read:user,repo,user:email,workflow...
2025-10-23 11:20:21.165 [info] Getting sessions for user:email...
2025-10-23 11:20:21.165 [info] Got 1 sessions for user:email...
2025-10-23 11:20:21.165 [info] Getting sessions for read:user,repo,user:email,workflow...
2025-10-23 11:20:21.165 [info] Got 0 sessions for read:user,repo,user:email,workflow...
2025-10-23 11:20:21.177 [info] Getting sessions for all scopes...
2025-10-23 11:20:21.177 [info] Got 1 sessions for ...
2025-10-23 11:20:21.178 [info] Getting sessions for read:user,repo,user:email,workflow...
2025-10-23 11:20:21.178 [info] Got 0 sessions for read:user,repo,user:email,workflow...
2025-10-23 11:20:21.178 [info] Getting sessions for user:email...
2025-10-23 11:20:21.178 [info] Got 1 sessions for user:email...
2025-10-23 11:20:22.793 [info] Getting sessions for all scopes...
2025-10-23 11:20:22.793 [info] Got 1 sessions for ...
2025-10-23 11:20:22.793 [info] Getting sessions for all scopes...
2025-10-23 11:20:22.793 [info] Got 1 sessions for ...
2025-10-23 11:20:22.794 [info] Getting sessions for all scopes...
2025-10-23 11:20:22.794 [info] Got 1 sessions for ...
2025-10-23 11:20:23.058 [info] Getting sessions for all scopes...
2025-10-23 11:20:23.058 [info] Got 1 sessions for ...
2025-10-23 11:20:23.058 [info] Getting sessions for all scopes...
2025-10-23 11:20:23.058 [info] Got 1 sessions for ...
2025-10-23 11:20:23.372 [info] FetcherService: Electron fetch failed with status: 429 
2025-10-23 11:20:23.375 [info] Getting sessions for all scopes...
2025-10-23 11:20:23.375 [info] Got 1 sessions for ...
2025-10-23 11:20:23.389 [info] Getting sessions for read:user,repo,user:email,workflow...
2025-10-23 11:20:23.389 [info] Got 0 sessions for read:user,repo,user:email,workflow...
2025-10-23 11:20:23.389 [info] Getting sessions for all scopes...
2025-10-23 11:20:23.389 [info] Got 1 sessions for ...
2025-10-23 11:20:23.389 [info] Getting sessions for read:user,repo,user:email,workflow...
2025-10-23 11:20:23.389 [info] Got 0 sessions for read:user,repo,user:email,workflow...
2025-10-23 11:20:23.392 [info] Getting sessions for user:email...
2025-10-23 11:20:23.392 [info] Got 1 sessions for user:email...
2025-10-23 11:20:23.392 [info] Getting sessions for read:user,repo,user:email,workflow...
2025-10-23 11:20:23.392 [info] Got 0 sessions for read:user,repo,user:email,workflow...
2025-10-23 11:20:23.393 [info] Getting sessions for read:user...
2025-10-23 11:20:23.393 [info] Got 0 sessions for read:user...
2025-10-23 11:20:23.400 [info] Getting sessions for all scopes...
2025-10-23 11:20:23.400 [info] Got 1 sessions for ...
2025-10-23 11:20:23.405 [info] Getting sessions for all scopes...
2025-10-23 11:20:23.405 [info] Got 1 sessions for ...
2025-10-23 11:20:23.415 [info] Getting sessions for all scopes...
2025-10-23 11:20:23.415 [info] Got 1 sessions for ...
2025-10-23 11:20:23.415 [info] Getting sessions for user:email...
2025-10-23 11:20:23.415 [info] Got 1 sessions for user:email...
2025-10-23 11:20:23.508 [info] Getting sessions for read:user,repo,user:email,workflow...
2025-10-23 11:20:23.508 [info] Got 0 sessions for read:user,repo,user:email,workflow...
2025-10-23 11:20:23.510 [info] Getting sessions for user:email...
2025-10-23 11:20:23.510 [info] Got 1 sessions for user:email...
2025-10-23 11:20:23.722 [info] FetcherService: Node fetch failed with status: 429 Too Many Requests
2025-10-23 11:20:23.821 [info] Getting sessions for all scopes...
2025-10-23 11:20:23.821 [info] Got 1 sessions for ...
2025-10-23 11:20:24.103 [info] FetcherService: Node http/s failed with status: 429 Too Many Requests
2025-10-23 11:20:24.385 [info] Getting sessions for all scopes...
2025-10-23 11:20:24.385 [info] Got 1 sessions for ...
2025-10-23 11:20:24.386 [info] Getting sessions for read:user,repo,user:email,workflow...
2025-10-23 11:20:24.386 [info] Got 0 sessions for read:user,repo,user:email,workflow...
2025-10-23 11:20:24.386 [info] Getting sessions for read:user,repo,user:email,workflow...
2025-10-23 11:20:24.386 [info] Got 0 sessions for read:user,repo,user:email,workflow...
2025-10-23 11:20:24.386 [info] Getting sessions for all scopes...
2025-10-23 11:20:24.386 [info] Got 1 sessions for ...
2025-10-23 11:20:24.387 [info] Getting sessions for read:user,repo,user:email,workflow...
2025-10-23 11:20:24.387 [info] Got 0 sessions for read:user,repo,user:email,workflow...
2025-10-23 11:20:24.387 [info] Getting sessions for user:email...
2025-10-23 11:20:24.387 [info] Got 1 sessions for user:email...
