2025-10-23 11:49:53.583 [info] [aebc6443-996d-45c2-90f0-388ff96faa56] Native Broker is only available on Windows and macOS
2025-10-23 11:49:53.591 [info] [getSessions] [all] starting
2025-10-23 11:49:53.591 [info] [getSessions] [all] returned 0 session(s)
2025-10-23 11:49:53.591 [info] [getSessions] [all] starting
2025-10-23 11:49:53.591 [info] [getSessions] [all] returned 0 session(s)
2025-10-23 11:49:53.591 [info] [getSessions] [all] starting
2025-10-23 11:49:53.591 [info] [getSessions] [all] returned 0 session(s)
2025-10-23 11:49:53.591 [info] [getSessions] [499b84ac-1321-427f-aa17-267ca6975798/.default offline_access] starting
2025-10-23 11:49:53.591 [info] [aebc6443-996d-45c2-90f0-388ff96faa56] Native Broker is only available on Windows and macOS
2025-10-23 11:49:53.593 [info] [getSessions] [499b84ac-1321-427f-aa17-267ca6975798/.default offline_access] returned 0 session(s)
2025-10-23 11:49:55.063 [info] [getSessions] [all] starting
2025-10-23 11:49:55.063 [info] [getSessions] [all] returned 0 session(s)
2025-10-23 11:49:55.063 [info] [getSessions] [all] starting
2025-10-23 11:49:55.063 [info] [getSessions] [all] returned 0 session(s)
2025-10-23 11:49:55.064 [info] [getSessions] [all] starting
2025-10-23 11:49:55.064 [info] [getSessions] [all] returned 0 session(s)
2025-10-23 11:49:55.219 [info] [getSessions] [499b84ac-1321-427f-aa17-267ca6975798/.default offline_access] starting
2025-10-23 11:49:55.219 [info] [getSessions] [499b84ac-1321-427f-aa17-267ca6975798/.default offline_access] returned 0 session(s)
2025-10-23 11:49:56.180 [info] [getSessions] [all] starting
2025-10-23 11:49:56.180 [info] [getSessions] [all] returned 0 session(s)
