2025-10-23 08:04:51.630 [info] Reading sessions from keychain...
2025-10-23 08:04:51.630 [info] Getting sessions for all scopes...
2025-10-23 08:04:51.630 [info] Got stored sessions!
2025-10-23 08:04:51.630 [info] Got 1 verified sessions.
2025-10-23 08:04:51.630 [info] Got 1 sessions for ...
2025-10-23 08:04:51.630 [info] Getting sessions for all scopes...
2025-10-23 08:04:51.630 [info] Got 1 sessions for ...
2025-10-23 08:04:51.630 [info] Getting sessions for all scopes...
2025-10-23 08:04:51.630 [info] Got 1 sessions for ...
2025-10-23 08:04:51.630 [info] Getting sessions for all scopes...
2025-10-23 08:04:51.630 [info] Got 1 sessions for ...
2025-10-23 08:04:51.630 [info] Getting sessions for all scopes...
2025-10-23 08:04:51.630 [info] Got 1 sessions for ...
2025-10-23 08:04:51.630 [info] Getting sessions for all scopes...
2025-10-23 08:04:51.630 [info] Got 1 sessions for ...
2025-10-23 08:04:51.630 [info] Getting sessions for all scopes...
2025-10-23 08:04:51.630 [info] Got 1 sessions for ...
2025-10-23 08:04:51.630 [info] Getting sessions for all scopes...
2025-10-23 08:04:51.630 [info] Got 1 sessions for ...
2025-10-23 08:04:51.630 [info] Getting sessions for all scopes...
2025-10-23 08:04:51.630 [info] Got 1 sessions for ...
2025-10-23 08:04:51.630 [info] Getting sessions for all scopes...
2025-10-23 08:04:51.630 [info] Got 1 sessions for ...
2025-10-23 08:04:51.630 [info] Getting sessions for all scopes...
2025-10-23 08:04:51.630 [info] Got 1 sessions for ...
2025-10-23 08:04:51.630 [info] Getting sessions for all scopes...
2025-10-23 08:04:51.630 [info] Got 1 sessions for ...
2025-10-23 08:04:51.630 [info] Getting sessions for all scopes...
2025-10-23 08:04:51.630 [info] Got 1 sessions for ...
2025-10-23 08:04:51.630 [info] Getting sessions for all scopes...
2025-10-23 08:04:51.630 [info] Got 1 sessions for ...
2025-10-23 08:04:51.630 [info] Getting sessions for all scopes...
2025-10-23 08:04:51.630 [info] Got 1 sessions for ...
2025-10-23 08:04:51.630 [info] Getting sessions for all scopes...
2025-10-23 08:04:51.630 [info] Got 1 sessions for ...
2025-10-23 08:04:51.630 [info] Getting sessions for all scopes...
2025-10-23 08:04:51.630 [info] Got 1 sessions for ...
2025-10-23 08:04:51.630 [info] Getting sessions for all scopes...
2025-10-23 08:04:51.630 [info] Got 1 sessions for ...
2025-10-23 08:04:51.743 [info] Getting sessions for read:user,repo,user:email,workflow...
2025-10-23 08:04:51.743 [info] Got 0 sessions for read:user,repo,user:email,workflow...
2025-10-23 08:04:51.811 [info] Getting sessions for user:email...
2025-10-23 08:04:51.811 [info] Got 1 sessions for user:email...
2025-10-23 08:04:51.811 [info] Getting sessions for read:user,repo,user:email,workflow...
2025-10-23 08:04:51.811 [info] Got 0 sessions for read:user,repo,user:email,workflow...
2025-10-23 08:04:53.193 [info] Getting sessions for all scopes...
2025-10-23 08:04:53.193 [info] Got 1 sessions for ...
2025-10-23 08:04:53.193 [info] Getting sessions for all scopes...
2025-10-23 08:04:53.193 [info] Got 1 sessions for ...
2025-10-23 08:04:53.193 [info] Getting sessions for all scopes...
2025-10-23 08:04:53.193 [info] Got 1 sessions for ...
2025-10-23 08:04:53.208 [info] Getting sessions for all scopes...
2025-10-23 08:04:53.208 [info] Got 1 sessions for ...
2025-10-23 08:04:53.588 [info] FetcherService: Electron fetch failed with status: 429 
2025-10-23 08:04:53.594 [info] Getting sessions for all scopes...
2025-10-23 08:04:53.594 [info] Got 1 sessions for ...
2025-10-23 08:04:53.608 [info] Getting sessions for all scopes...
2025-10-23 08:04:53.608 [info] Got 1 sessions for ...
2025-10-23 08:04:53.608 [info] Getting sessions for read:user,repo,user:email,workflow...
2025-10-23 08:04:53.608 [info] Got 0 sessions for read:user,repo,user:email,workflow...
2025-10-23 08:04:53.608 [info] Getting sessions for all scopes...
2025-10-23 08:04:53.608 [info] Got 1 sessions for ...
2025-10-23 08:04:53.609 [info] Getting sessions for read:user...
2025-10-23 08:04:53.609 [info] Got 0 sessions for read:user...
2025-10-23 08:04:53.609 [info] Getting sessions for read:user,repo,user:email,workflow...
2025-10-23 08:04:53.609 [info] Got 0 sessions for read:user,repo,user:email,workflow...
2025-10-23 08:04:53.609 [info] Getting sessions for user:email...
2025-10-23 08:04:53.609 [info] Got 1 sessions for user:email...
2025-10-23 08:04:53.609 [info] Getting sessions for user:email...
2025-10-23 08:04:53.609 [info] Got 1 sessions for user:email...
2025-10-23 08:04:53.760 [info] Getting sessions for all scopes...
2025-10-23 08:04:53.760 [info] Got 1 sessions for ...
2025-10-23 08:04:53.762 [info] Getting sessions for read:user,repo,user:email,workflow...
2025-10-23 08:04:53.762 [info] Got 0 sessions for read:user,repo,user:email,workflow...
2025-10-23 08:04:53.762 [info] Getting sessions for user:email...
2025-10-23 08:04:53.762 [info] Got 1 sessions for user:email...
2025-10-23 08:04:53.909 [info] FetcherService: Node fetch failed with status: 429 Too Many Requests
2025-10-23 08:04:54.076 [info] Getting sessions for all scopes...
2025-10-23 08:04:54.076 [info] Got 1 sessions for ...
2025-10-23 08:04:54.076 [info] Getting sessions for all scopes...
2025-10-23 08:04:54.076 [info] Got 1 sessions for ...
2025-10-23 08:04:54.099 [info] Getting sessions for read:user,repo,user:email,workflow...
2025-10-23 08:04:54.099 [info] Got 0 sessions for read:user,repo,user:email,workflow...
2025-10-23 08:04:54.100 [info] Getting sessions for user:email...
2025-10-23 08:04:54.100 [info] Got 1 sessions for user:email...
2025-10-23 08:04:54.100 [info] Getting sessions for read:user,repo,user:email,workflow...
2025-10-23 08:04:54.100 [info] Got 0 sessions for read:user,repo,user:email,workflow...
2025-10-23 08:04:54.150 [info] Getting sessions for all scopes...
2025-10-23 08:04:54.150 [info] Got 1 sessions for ...
2025-10-23 08:04:54.151 [info] Getting sessions for all scopes...
2025-10-23 08:04:54.151 [info] Got 1 sessions for ...
2025-10-23 08:04:54.152 [info] Getting sessions for all scopes...
2025-10-23 08:04:54.152 [info] Got 1 sessions for ...
2025-10-23 08:04:54.152 [info] Getting sessions for all scopes...
2025-10-23 08:04:54.152 [info] Got 1 sessions for ...
2025-10-23 08:04:54.153 [info] Getting sessions for read:user,repo,user:email,workflow...
2025-10-23 08:04:54.153 [info] Got 0 sessions for read:user,repo,user:email,workflow...
2025-10-23 08:04:54.154 [info] Getting sessions for user:email...
2025-10-23 08:04:54.154 [info] Got 1 sessions for user:email...
2025-10-23 08:04:54.154 [info] Getting sessions for read:user,repo,user:email,workflow...
2025-10-23 08:04:54.154 [info] Got 0 sessions for read:user,repo,user:email,workflow...
2025-10-23 08:04:54.159 [info] Getting sessions for all scopes...
2025-10-23 08:04:54.159 [info] Got 1 sessions for ...
2025-10-23 08:04:54.159 [info] Getting sessions for read:user,repo,user:email,workflow...
2025-10-23 08:04:54.159 [info] Got 0 sessions for read:user,repo,user:email,workflow...
2025-10-23 08:04:54.160 [info] Getting sessions for user:email...
2025-10-23 08:04:54.160 [info] Got 1 sessions for user:email...
2025-10-23 08:04:54.250 [info] FetcherService: Node http/s failed with status: 429 Too Many Requests
2025-10-23 08:04:54.660 [info] Getting sessions for all scopes...
2025-10-23 08:04:54.660 [info] Got 1 sessions for ...
2025-10-23 08:09:46.301 [info] Reading sessions from keychain...
2025-10-23 08:09:46.309 [info] Getting sessions for all scopes...
2025-10-23 08:09:46.322 [info] Got stored sessions!
2025-10-23 08:09:46.322 [info] Got 1 verified sessions.
2025-10-23 08:09:46.322 [info] Got 1 sessions for ...
2025-10-23 08:09:46.322 [info] Getting sessions for all scopes...
2025-10-23 08:09:46.322 [info] Got 1 sessions for ...
2025-10-23 08:09:46.322 [info] Getting sessions for all scopes...
2025-10-23 08:09:46.322 [info] Got 1 sessions for ...
2025-10-23 08:09:46.322 [info] Getting sessions for all scopes...
2025-10-23 08:09:46.322 [info] Got 1 sessions for ...
2025-10-23 08:09:46.322 [info] Getting sessions for all scopes...
2025-10-23 08:09:46.322 [info] Got 1 sessions for ...
2025-10-23 08:09:46.322 [info] Getting sessions for all scopes...
2025-10-23 08:09:46.322 [info] Got 1 sessions for ...
2025-10-23 08:09:46.322 [info] Getting sessions for all scopes...
2025-10-23 08:09:46.323 [info] Got 1 sessions for ...
2025-10-23 08:09:46.323 [info] Getting sessions for all scopes...
2025-10-23 08:09:46.323 [info] Got 1 sessions for ...
2025-10-23 08:09:46.323 [info] Getting sessions for all scopes...
2025-10-23 08:09:46.323 [info] Got 1 sessions for ...
2025-10-23 08:09:46.324 [info] Getting sessions for all scopes...
2025-10-23 08:09:46.324 [info] Got 1 sessions for ...
2025-10-23 08:09:46.324 [info] Getting sessions for all scopes...
2025-10-23 08:09:46.324 [info] Got 1 sessions for ...
2025-10-23 08:09:46.324 [info] Getting sessions for all scopes...
2025-10-23 08:09:46.324 [info] Got 1 sessions for ...
2025-10-23 08:09:46.324 [info] Getting sessions for all scopes...
2025-10-23 08:09:46.324 [info] Got 1 sessions for ...
2025-10-23 08:09:46.324 [info] Getting sessions for all scopes...
2025-10-23 08:09:46.324 [info] Got 1 sessions for ...
2025-10-23 08:09:46.473 [info] Getting sessions for all scopes...
2025-10-23 08:09:46.473 [info] Got 1 sessions for ...
2025-10-23 08:09:47.638 [info] FetcherService: Electron fetch failed with status: 429 
2025-10-23 08:09:47.983 [info] FetcherService: Node fetch failed with status: 429 Too Many Requests
2025-10-23 08:09:48.179 [info] Getting sessions for all scopes...
2025-10-23 08:09:48.179 [info] Got 1 sessions for ...
2025-10-23 08:09:48.180 [info] Getting sessions for all scopes...
2025-10-23 08:09:48.180 [info] Got 1 sessions for ...
2025-10-23 08:09:48.188 [info] Getting sessions for all scopes...
2025-10-23 08:09:48.188 [info] Got 1 sessions for ...
2025-10-23 08:09:48.298 [info] FetcherService: Node http/s failed with status: 429 Too Many Requests
2025-10-23 08:10:00.341 [info] Getting sessions for all scopes...
2025-10-23 08:10:00.342 [info] Got 1 sessions for ...
2025-10-23 08:10:00.342 [info] Getting sessions for all scopes...
2025-10-23 08:10:00.343 [info] Got 1 sessions for ...
2025-10-23 08:10:01.270 [info] Getting sessions for read:user,repo,user:email,workflow...
2025-10-23 08:10:01.270 [info] Got 0 sessions for read:user,repo,user:email,workflow...
2025-10-23 08:10:01.279 [info] Getting sessions for all scopes...
2025-10-23 08:10:01.279 [info] Got 1 sessions for ...
2025-10-23 08:10:01.281 [info] Getting sessions for all scopes...
2025-10-23 08:10:01.281 [info] Got 1 sessions for ...
2025-10-23 08:10:01.281 [info] Getting sessions for read:user,repo,user:email,workflow...
2025-10-23 08:10:01.281 [info] Got 0 sessions for read:user,repo,user:email,workflow...
2025-10-23 08:10:01.283 [info] Getting sessions for user:email...
2025-10-23 08:10:01.283 [info] Got 1 sessions for user:email...
2025-10-23 08:10:01.283 [info] Getting sessions for read:user,repo,user:email,workflow...
2025-10-23 08:10:01.283 [info] Got 0 sessions for read:user,repo,user:email,workflow...
2025-10-23 08:10:01.288 [info] Getting sessions for read:user...
2025-10-23 08:10:01.288 [info] Got 0 sessions for read:user...
2025-10-23 08:10:01.292 [info] Getting sessions for user:email...
2025-10-23 08:10:01.292 [info] Got 1 sessions for user:email...
2025-10-23 08:10:01.293 [info] Getting sessions for all scopes...
2025-10-23 08:10:01.293 [info] Got 1 sessions for ...
2025-10-23 08:10:01.459 [info] Getting sessions for all scopes...
2025-10-23 08:10:01.459 [info] Got 1 sessions for ...
2025-10-23 08:10:01.459 [info] Getting sessions for read:user,repo,user:email,workflow...
2025-10-23 08:10:01.459 [info] Got 0 sessions for read:user,repo,user:email,workflow...
2025-10-23 08:10:01.460 [info] Getting sessions for user:email...
2025-10-23 08:10:01.460 [info] Got 1 sessions for user:email...
2025-10-23 08:10:01.611 [info] Getting sessions for all scopes...
2025-10-23 08:10:01.611 [info] Got 1 sessions for ...
2025-10-23 08:10:01.612 [info] Getting sessions for read:user,repo,user:email,workflow...
2025-10-23 08:10:01.612 [info] Got 0 sessions for read:user,repo,user:email,workflow...
2025-10-23 08:10:01.613 [info] Getting sessions for user:email...
2025-10-23 08:10:01.613 [info] Got 1 sessions for user:email...
2025-10-23 08:10:01.921 [info] Getting sessions for all scopes...
2025-10-23 08:10:01.921 [info] Got 1 sessions for ...
2025-10-23 08:10:01.921 [info] Getting sessions for all scopes...
2025-10-23 08:10:01.921 [info] Got 1 sessions for ...
2025-10-23 08:10:01.946 [info] Getting sessions for read:user,repo,user:email,workflow...
2025-10-23 08:10:01.946 [info] Got 0 sessions for read:user,repo,user:email,workflow...
2025-10-23 08:10:01.947 [info] Getting sessions for user:email...
2025-10-23 08:10:01.947 [info] Got 1 sessions for user:email...
2025-10-23 08:10:01.947 [info] Getting sessions for read:user,repo,user:email,workflow...
2025-10-23 08:10:01.947 [info] Got 0 sessions for read:user,repo,user:email,workflow...
2025-10-23 08:10:01.991 [info] Getting sessions for all scopes...
2025-10-23 08:10:01.991 [info] Got 1 sessions for ...
2025-10-23 08:10:01.992 [info] Getting sessions for all scopes...
2025-10-23 08:10:01.992 [info] Got 1 sessions for ...
2025-10-23 08:10:01.992 [info] Getting sessions for all scopes...
2025-10-23 08:10:01.992 [info] Got 1 sessions for ...
2025-10-23 08:10:01.992 [info] Getting sessions for all scopes...
2025-10-23 08:10:01.992 [info] Got 1 sessions for ...
2025-10-23 08:10:01.993 [info] Getting sessions for read:user,repo,user:email,workflow...
2025-10-23 08:10:01.993 [info] Got 0 sessions for read:user,repo,user:email,workflow...
2025-10-23 08:10:01.994 [info] Getting sessions for user:email...
2025-10-23 08:10:01.994 [info] Got 1 sessions for user:email...
2025-10-23 08:10:01.994 [info] Getting sessions for read:user,repo,user:email,workflow...
2025-10-23 08:10:01.994 [info] Got 0 sessions for read:user,repo,user:email,workflow...
2025-10-23 08:10:01.995 [info] Getting sessions for all scopes...
2025-10-23 08:10:01.995 [info] Got 1 sessions for ...
2025-10-23 08:10:01.995 [info] Getting sessions for read:user,repo,user:email,workflow...
2025-10-23 08:10:01.995 [info] Got 0 sessions for read:user,repo,user:email,workflow...
2025-10-23 08:10:01.996 [info] Getting sessions for user:email...
2025-10-23 08:10:01.996 [info] Got 1 sessions for user:email...
2025-10-23 08:10:02.532 [info] Getting sessions for all scopes...
2025-10-23 08:10:02.532 [info] Got 1 sessions for ...
