2025-10-23 12:00:59.573 [info] [aebc6443-996d-45c2-90f0-388ff96faa56] Native Broker is only available on Windows and macOS
2025-10-23 12:00:59.578 [info] [getSessions] [all] starting
2025-10-23 12:00:59.578 [info] [getSessions] [all] returned 0 session(s)
2025-10-23 12:00:59.578 [info] [getSessions] [all] starting
2025-10-23 12:00:59.578 [info] [getSessions] [all] returned 0 session(s)
2025-10-23 12:00:59.578 [info] [getSessions] [all] starting
2025-10-23 12:00:59.578 [info] [getSessions] [all] returned 0 session(s)
2025-10-23 12:00:59.578 [info] [getSessions] [499b84ac-1321-427f-aa17-267ca6975798/.default offline_access] starting
2025-10-23 12:00:59.578 [info] [aebc6443-996d-45c2-90f0-388ff96faa56] Native Broker is only available on Windows and macOS
2025-10-23 12:00:59.580 [info] [getSessions] [499b84ac-1321-427f-aa17-267ca6975798/.default offline_access] returned 0 session(s)
2025-10-23 12:01:01.036 [info] [getSessions] [all] starting
2025-10-23 12:01:01.036 [info] [getSessions] [all] returned 0 session(s)
2025-10-23 12:01:01.036 [info] [getSessions] [all] starting
2025-10-23 12:01:01.036 [info] [getSessions] [all] returned 0 session(s)
2025-10-23 12:01:01.036 [info] [getSessions] [all] starting
2025-10-23 12:01:01.036 [info] [getSessions] [all] returned 0 session(s)
2025-10-23 12:01:01.204 [info] [getSessions] [499b84ac-1321-427f-aa17-267ca6975798/.default offline_access] starting
2025-10-23 12:01:01.204 [info] [getSessions] [499b84ac-1321-427f-aa17-267ca6975798/.default offline_access] returned 0 session(s)
2025-10-23 12:01:02.188 [info] [getSessions] [all] starting
2025-10-23 12:01:02.188 [info] [getSessions] [all] returned 0 session(s)
