2025-10-23 07:59:37.738 [info] Reading sessions from keychain...
2025-10-23 07:59:37.738 [info] Getting sessions for all scopes...
2025-10-23 07:59:37.738 [info] Got stored sessions!
2025-10-23 07:59:37.738 [info] Got 1 verified sessions.
2025-10-23 07:59:37.738 [info] Got 1 sessions for ...
2025-10-23 07:59:37.738 [info] Getting sessions for all scopes...
2025-10-23 07:59:37.738 [info] Got 1 sessions for ...
2025-10-23 07:59:37.738 [info] Getting sessions for all scopes...
2025-10-23 07:59:37.738 [info] Got 1 sessions for ...
2025-10-23 07:59:37.738 [info] Getting sessions for all scopes...
2025-10-23 07:59:37.738 [info] Got 1 sessions for ...
2025-10-23 07:59:37.738 [info] Getting sessions for all scopes...
2025-10-23 07:59:37.738 [info] Got 1 sessions for ...
2025-10-23 07:59:37.738 [info] Getting sessions for all scopes...
2025-10-23 07:59:37.738 [info] Got 1 sessions for ...
2025-10-23 07:59:37.738 [info] Getting sessions for all scopes...
2025-10-23 07:59:37.738 [info] Got 1 sessions for ...
2025-10-23 07:59:37.738 [info] Getting sessions for all scopes...
2025-10-23 07:59:37.738 [info] Got 1 sessions for ...
2025-10-23 07:59:37.738 [info] Getting sessions for all scopes...
2025-10-23 07:59:37.738 [info] Got 1 sessions for ...
2025-10-23 07:59:37.738 [info] Getting sessions for all scopes...
2025-10-23 07:59:37.738 [info] Got 1 sessions for ...
2025-10-23 07:59:37.738 [info] Getting sessions for all scopes...
2025-10-23 07:59:37.738 [info] Got 1 sessions for ...
2025-10-23 07:59:37.738 [info] Getting sessions for all scopes...
2025-10-23 07:59:37.739 [info] Got 1 sessions for ...
2025-10-23 07:59:37.739 [info] Getting sessions for all scopes...
2025-10-23 07:59:37.739 [info] Got 1 sessions for ...
2025-10-23 07:59:37.739 [info] Getting sessions for all scopes...
2025-10-23 07:59:37.739 [info] Got 1 sessions for ...
2025-10-23 07:59:37.739 [info] Getting sessions for all scopes...
2025-10-23 07:59:37.739 [info] Got 1 sessions for ...
2025-10-23 07:59:37.739 [info] Getting sessions for all scopes...
2025-10-23 07:59:37.739 [info] Got 1 sessions for ...
2025-10-23 07:59:37.739 [info] Getting sessions for all scopes...
2025-10-23 07:59:37.739 [info] Got 1 sessions for ...
2025-10-23 07:59:37.739 [info] Getting sessions for all scopes...
2025-10-23 07:59:37.739 [info] Got 1 sessions for ...
2025-10-23 07:59:37.739 [info] Getting sessions for read:user,repo,user:email,workflow...
2025-10-23 07:59:37.739 [info] Got 0 sessions for read:user,repo,user:email,workflow...
2025-10-23 07:59:37.765 [info] Getting sessions for user:email...
2025-10-23 07:59:37.765 [info] Got 1 sessions for user:email...
2025-10-23 07:59:37.765 [info] Getting sessions for read:user,repo,user:email,workflow...
2025-10-23 07:59:37.765 [info] Got 0 sessions for read:user,repo,user:email,workflow...
2025-10-23 07:59:39.242 [info] Getting sessions for all scopes...
2025-10-23 07:59:39.242 [info] Got 1 sessions for ...
2025-10-23 07:59:39.243 [info] Getting sessions for all scopes...
2025-10-23 07:59:39.243 [info] Got 1 sessions for ...
2025-10-23 07:59:39.245 [info] Getting sessions for all scopes...
2025-10-23 07:59:39.245 [info] Got 1 sessions for ...
2025-10-23 07:59:39.604 [info] FetcherService: Electron fetch failed with status: 429 
2025-10-23 07:59:39.643 [info] Getting sessions for all scopes...
2025-10-23 07:59:39.643 [info] Got 1 sessions for ...
2025-10-23 07:59:39.661 [info] Getting sessions for all scopes...
2025-10-23 07:59:39.662 [info] Got 1 sessions for ...
2025-10-23 07:59:39.662 [info] Getting sessions for read:user,repo,user:email,workflow...
2025-10-23 07:59:39.662 [info] Got 0 sessions for read:user,repo,user:email,workflow...
2025-10-23 07:59:39.662 [info] Getting sessions for all scopes...
2025-10-23 07:59:39.662 [info] Got 1 sessions for ...
2025-10-23 07:59:39.662 [info] Getting sessions for all scopes...
2025-10-23 07:59:39.662 [info] Got 1 sessions for ...
2025-10-23 07:59:39.665 [info] Getting sessions for read:user...
2025-10-23 07:59:39.665 [info] Got 0 sessions for read:user...
2025-10-23 07:59:39.666 [info] Getting sessions for read:user,repo,user:email,workflow...
2025-10-23 07:59:39.666 [info] Got 0 sessions for read:user,repo,user:email,workflow...
2025-10-23 07:59:39.666 [info] Getting sessions for user:email...
2025-10-23 07:59:39.666 [info] Got 1 sessions for user:email...
2025-10-23 07:59:39.666 [info] Getting sessions for user:email...
2025-10-23 07:59:39.666 [info] Got 1 sessions for user:email...
2025-10-23 07:59:39.957 [info] FetcherService: Node fetch failed with status: 429 Too Many Requests
2025-10-23 07:59:40.158 [info] Getting sessions for all scopes...
2025-10-23 07:59:40.159 [info] Got 1 sessions for ...
2025-10-23 07:59:40.159 [info] Getting sessions for all scopes...
2025-10-23 07:59:40.159 [info] Got 1 sessions for ...
2025-10-23 07:59:40.176 [info] Getting sessions for read:user,repo,user:email,workflow...
2025-10-23 07:59:40.176 [info] Got 0 sessions for read:user,repo,user:email,workflow...
2025-10-23 07:59:40.176 [info] Getting sessions for user:email...
2025-10-23 07:59:40.176 [info] Got 1 sessions for user:email...
2025-10-23 07:59:40.176 [info] Getting sessions for read:user,repo,user:email,workflow...
2025-10-23 07:59:40.176 [info] Got 0 sessions for read:user,repo,user:email,workflow...
2025-10-23 07:59:40.230 [info] Getting sessions for all scopes...
2025-10-23 07:59:40.230 [info] Got 1 sessions for ...
2025-10-23 07:59:40.231 [info] Getting sessions for all scopes...
2025-10-23 07:59:40.231 [info] Got 1 sessions for ...
2025-10-23 07:59:40.238 [info] Getting sessions for all scopes...
2025-10-23 07:59:40.238 [info] Got 1 sessions for ...
2025-10-23 07:59:40.238 [info] Getting sessions for all scopes...
2025-10-23 07:59:40.238 [info] Got 1 sessions for ...
2025-10-23 07:59:40.242 [info] Getting sessions for read:user,repo,user:email,workflow...
2025-10-23 07:59:40.242 [info] Got 0 sessions for read:user,repo,user:email,workflow...
2025-10-23 07:59:40.252 [info] Getting sessions for user:email...
2025-10-23 07:59:40.252 [info] Got 1 sessions for user:email...
2025-10-23 07:59:40.252 [info] Getting sessions for read:user,repo,user:email,workflow...
2025-10-23 07:59:40.252 [info] Got 0 sessions for read:user,repo,user:email,workflow...
2025-10-23 07:59:40.254 [info] Getting sessions for all scopes...
2025-10-23 07:59:40.254 [info] Got 1 sessions for ...
2025-10-23 07:59:40.254 [info] Getting sessions for read:user,repo,user:email,workflow...
2025-10-23 07:59:40.254 [info] Got 0 sessions for read:user,repo,user:email,workflow...
2025-10-23 07:59:40.256 [info] Getting sessions for user:email...
2025-10-23 07:59:40.256 [info] Got 1 sessions for user:email...
2025-10-23 07:59:40.267 [info] FetcherService: Node http/s failed with status: 429 Too Many Requests
2025-10-23 07:59:40.677 [info] Getting sessions for all scopes...
2025-10-23 07:59:40.677 [info] Got 1 sessions for ...
