2025-10-23 09:36:16.690 [info] Reading sessions from keychain...
2025-10-23 09:36:16.690 [info] Got stored sessions!
2025-10-23 09:36:16.690 [info] Got 1 verified sessions.
2025-10-23 09:36:16.690 [info] Getting sessions for all scopes...
2025-10-23 09:36:16.690 [info] Got 1 sessions for ...
2025-10-23 09:36:16.690 [info] Getting sessions for all scopes...
2025-10-23 09:36:16.690 [info] Got 1 sessions for ...
2025-10-23 09:36:16.690 [info] Getting sessions for all scopes...
2025-10-23 09:36:16.690 [info] Got 1 sessions for ...
2025-10-23 09:36:16.690 [info] Getting sessions for all scopes...
2025-10-23 09:36:16.690 [info] Got 1 sessions for ...
2025-10-23 09:36:16.690 [info] Getting sessions for all scopes...
2025-10-23 09:36:16.690 [info] Got 1 sessions for ...
2025-10-23 09:36:16.690 [info] Getting sessions for all scopes...
2025-10-23 09:36:16.690 [info] Got 1 sessions for ...
2025-10-23 09:36:16.690 [info] Getting sessions for all scopes...
2025-10-23 09:36:16.690 [info] Got 1 sessions for ...
2025-10-23 09:36:16.690 [info] Getting sessions for all scopes...
2025-10-23 09:36:16.690 [info] Got 1 sessions for ...
2025-10-23 09:36:16.690 [info] Getting sessions for all scopes...
2025-10-23 09:36:16.690 [info] Got 1 sessions for ...
2025-10-23 09:36:16.690 [info] Getting sessions for all scopes...
2025-10-23 09:36:16.690 [info] Got 1 sessions for ...
2025-10-23 09:36:16.690 [info] Getting sessions for all scopes...
2025-10-23 09:36:16.690 [info] Got 1 sessions for ...
2025-10-23 09:36:16.690 [info] Getting sessions for all scopes...
2025-10-23 09:36:16.690 [info] Got 1 sessions for ...
2025-10-23 09:36:16.690 [info] Getting sessions for all scopes...
2025-10-23 09:36:16.690 [info] Got 1 sessions for ...
2025-10-23 09:36:16.690 [info] Getting sessions for all scopes...
2025-10-23 09:36:16.690 [info] Got 1 sessions for ...
2025-10-23 09:36:16.690 [info] Getting sessions for all scopes...
2025-10-23 09:36:16.690 [info] Got 1 sessions for ...
2025-10-23 09:36:16.690 [info] Getting sessions for all scopes...
2025-10-23 09:36:16.690 [info] Got 1 sessions for ...
2025-10-23 09:36:16.690 [info] Getting sessions for all scopes...
2025-10-23 09:36:16.690 [info] Got 1 sessions for ...
2025-10-23 09:36:16.690 [info] Getting sessions for all scopes...
2025-10-23 09:36:16.690 [info] Got 1 sessions for ...
2025-10-23 09:36:16.690 [info] Getting sessions for read:user,repo,user:email,workflow...
2025-10-23 09:36:16.690 [info] Got 0 sessions for read:user,repo,user:email,workflow...
2025-10-23 09:36:16.707 [info] Getting sessions for user:email...
2025-10-23 09:36:16.707 [info] Got 1 sessions for user:email...
2025-10-23 09:36:16.707 [info] Getting sessions for read:user,repo,user:email,workflow...
2025-10-23 09:36:16.707 [info] Got 0 sessions for read:user,repo,user:email,workflow...
2025-10-23 09:36:16.721 [info] Getting sessions for all scopes...
2025-10-23 09:36:16.721 [info] Got 1 sessions for ...
2025-10-23 09:36:16.722 [info] Getting sessions for read:user,repo,user:email,workflow...
2025-10-23 09:36:16.722 [info] Got 0 sessions for read:user,repo,user:email,workflow...
2025-10-23 09:36:16.722 [info] Getting sessions for user:email...
2025-10-23 09:36:16.722 [info] Got 1 sessions for user:email...
2025-10-23 09:36:18.195 [info] Getting sessions for all scopes...
2025-10-23 09:36:18.195 [info] Got 1 sessions for ...
2025-10-23 09:36:18.196 [info] Getting sessions for all scopes...
2025-10-23 09:36:18.196 [info] Got 1 sessions for ...
2025-10-23 09:36:18.196 [info] Getting sessions for all scopes...
2025-10-23 09:36:18.196 [info] Got 1 sessions for ...
2025-10-23 09:36:18.342 [info] Getting sessions for all scopes...
2025-10-23 09:36:18.342 [info] Got 1 sessions for ...
2025-10-23 09:36:18.342 [info] Getting sessions for all scopes...
2025-10-23 09:36:18.342 [info] Got 1 sessions for ...
2025-10-23 09:36:18.618 [info] FetcherService: Electron fetch failed with status: 429 
2025-10-23 09:36:18.624 [info] Getting sessions for all scopes...
2025-10-23 09:36:18.624 [info] Got 1 sessions for ...
2025-10-23 09:36:18.637 [info] Getting sessions for read:user,repo,user:email,workflow...
2025-10-23 09:36:18.637 [info] Got 0 sessions for read:user,repo,user:email,workflow...
2025-10-23 09:36:18.637 [info] Getting sessions for all scopes...
2025-10-23 09:36:18.637 [info] Got 1 sessions for ...
2025-10-23 09:36:18.637 [info] Getting sessions for read:user,repo,user:email,workflow...
2025-10-23 09:36:18.637 [info] Got 0 sessions for read:user,repo,user:email,workflow...
2025-10-23 09:36:18.638 [info] Getting sessions for user:email...
2025-10-23 09:36:18.638 [info] Got 1 sessions for user:email...
2025-10-23 09:36:18.638 [info] Getting sessions for read:user,repo,user:email,workflow...
2025-10-23 09:36:18.638 [info] Got 0 sessions for read:user,repo,user:email,workflow...
2025-10-23 09:36:18.638 [info] Getting sessions for read:user...
2025-10-23 09:36:18.638 [info] Got 0 sessions for read:user...
2025-10-23 09:36:18.639 [info] Getting sessions for user:email...
2025-10-23 09:36:18.639 [info] Got 1 sessions for user:email...
2025-10-23 09:36:18.802 [info] Getting sessions for all scopes...
2025-10-23 09:36:18.802 [info] Got 1 sessions for ...
2025-10-23 09:36:18.804 [info] Getting sessions for all scopes...
2025-10-23 09:36:18.804 [info] Got 1 sessions for ...
2025-10-23 09:36:18.805 [info] Getting sessions for read:user,repo,user:email,workflow...
2025-10-23 09:36:18.805 [info] Got 0 sessions for read:user,repo,user:email,workflow...
2025-10-23 09:36:18.805 [info] Getting sessions for user:email...
2025-10-23 09:36:18.805 [info] Got 1 sessions for user:email...
2025-10-23 09:36:18.805 [info] Getting sessions for read:user,repo,user:email,workflow...
2025-10-23 09:36:18.805 [info] Got 0 sessions for read:user,repo,user:email,workflow...
2025-10-23 09:36:18.807 [info] Getting sessions for all scopes...
2025-10-23 09:36:18.807 [info] Got 1 sessions for ...
2025-10-23 09:36:18.808 [info] Getting sessions for read:user,repo,user:email,workflow...
2025-10-23 09:36:18.808 [info] Got 0 sessions for read:user,repo,user:email,workflow...
2025-10-23 09:36:18.812 [info] Getting sessions for user:email...
2025-10-23 09:36:18.812 [info] Got 1 sessions for user:email...
2025-10-23 09:36:19.015 [info] FetcherService: Node fetch failed with status: 429 Too Many Requests
2025-10-23 09:36:19.272 [info] Getting sessions for all scopes...
2025-10-23 09:36:19.272 [info] Got 1 sessions for ...
2025-10-23 09:36:19.320 [info] FetcherService: Node http/s failed with status: 429 Too Many Requests
