2025-10-23 07:54:06.176 [info] Reading sessions from keychain...
2025-10-23 07:54:06.176 [info] Getting sessions for all scopes...
2025-10-23 07:54:06.176 [info] Got stored sessions!
2025-10-23 07:54:06.176 [info] Got 1 verified sessions.
2025-10-23 07:54:06.176 [info] Got 1 sessions for ...
2025-10-23 07:54:06.176 [info] Getting sessions for all scopes...
2025-10-23 07:54:06.176 [info] Got 1 sessions for ...
2025-10-23 07:54:06.176 [info] Getting sessions for all scopes...
2025-10-23 07:54:06.176 [info] Got 1 sessions for ...
2025-10-23 07:54:06.176 [info] Getting sessions for all scopes...
2025-10-23 07:54:06.176 [info] Got 1 sessions for ...
2025-10-23 07:54:06.176 [info] Getting sessions for all scopes...
2025-10-23 07:54:06.176 [info] Got 1 sessions for ...
2025-10-23 07:54:06.176 [info] Getting sessions for all scopes...
2025-10-23 07:54:06.176 [info] Got 1 sessions for ...
2025-10-23 07:54:06.176 [info] Getting sessions for all scopes...
2025-10-23 07:54:06.176 [info] Got 1 sessions for ...
2025-10-23 07:54:06.176 [info] Getting sessions for all scopes...
2025-10-23 07:54:06.176 [info] Got 1 sessions for ...
2025-10-23 07:54:06.176 [info] Getting sessions for all scopes...
2025-10-23 07:54:06.176 [info] Got 1 sessions for ...
2025-10-23 07:54:06.176 [info] Getting sessions for all scopes...
2025-10-23 07:54:06.176 [info] Got 1 sessions for ...
2025-10-23 07:54:06.176 [info] Getting sessions for all scopes...
2025-10-23 07:54:06.176 [info] Got 1 sessions for ...
2025-10-23 07:54:06.176 [info] Getting sessions for all scopes...
2025-10-23 07:54:06.176 [info] Got 1 sessions for ...
2025-10-23 07:54:06.176 [info] Getting sessions for all scopes...
2025-10-23 07:54:06.176 [info] Got 1 sessions for ...
2025-10-23 07:54:06.176 [info] Getting sessions for all scopes...
2025-10-23 07:54:06.176 [info] Got 1 sessions for ...
2025-10-23 07:54:06.176 [info] Getting sessions for all scopes...
2025-10-23 07:54:06.176 [info] Got 1 sessions for ...
2025-10-23 07:54:06.176 [info] Getting sessions for all scopes...
2025-10-23 07:54:06.176 [info] Got 1 sessions for ...
2025-10-23 07:54:06.176 [info] Getting sessions for all scopes...
2025-10-23 07:54:06.176 [info] Got 1 sessions for ...
2025-10-23 07:54:06.176 [info] Getting sessions for all scopes...
2025-10-23 07:54:06.176 [info] Got 1 sessions for ...
2025-10-23 07:54:06.176 [info] Getting sessions for read:user,repo,user:email,workflow...
2025-10-23 07:54:06.176 [info] Got 0 sessions for read:user,repo,user:email,workflow...
2025-10-23 07:54:06.210 [info] Getting sessions for user:email...
2025-10-23 07:54:06.210 [info] Got 1 sessions for user:email...
2025-10-23 07:54:06.210 [info] Getting sessions for read:user,repo,user:email,workflow...
2025-10-23 07:54:06.210 [info] Got 0 sessions for read:user,repo,user:email,workflow...
2025-10-23 07:54:07.671 [info] Getting sessions for all scopes...
2025-10-23 07:54:07.671 [info] Got 1 sessions for ...
2025-10-23 07:54:07.671 [info] Getting sessions for all scopes...
2025-10-23 07:54:07.671 [info] Got 1 sessions for ...
2025-10-23 07:54:07.671 [info] Getting sessions for all scopes...
2025-10-23 07:54:07.671 [info] Got 1 sessions for ...
2025-10-23 07:54:07.808 [info] Getting sessions for all scopes...
2025-10-23 07:54:07.808 [info] Got 1 sessions for ...
2025-10-23 07:54:08.034 [info] FetcherService: Electron fetch failed with status: 429 
2025-10-23 07:54:08.066 [info] Getting sessions for all scopes...
2025-10-23 07:54:08.066 [info] Got 1 sessions for ...
2025-10-23 07:54:08.085 [info] Getting sessions for all scopes...
2025-10-23 07:54:08.085 [info] Got 1 sessions for ...
2025-10-23 07:54:08.085 [info] Getting sessions for read:user,repo,user:email,workflow...
2025-10-23 07:54:08.086 [info] Got 0 sessions for read:user,repo,user:email,workflow...
2025-10-23 07:54:08.086 [info] Getting sessions for read:user,repo,user:email,workflow...
2025-10-23 07:54:08.086 [info] Got 0 sessions for read:user,repo,user:email,workflow...
2025-10-23 07:54:08.086 [info] Getting sessions for all scopes...
2025-10-23 07:54:08.086 [info] Got 1 sessions for ...
2025-10-23 07:54:08.088 [info] Getting sessions for read:user...
2025-10-23 07:54:08.088 [info] Got 0 sessions for read:user...
2025-10-23 07:54:08.088 [info] Getting sessions for user:email...
2025-10-23 07:54:08.088 [info] Got 1 sessions for user:email...
2025-10-23 07:54:08.088 [info] Getting sessions for read:user,repo,user:email,workflow...
2025-10-23 07:54:08.088 [info] Got 0 sessions for read:user,repo,user:email,workflow...
2025-10-23 07:54:08.093 [info] Getting sessions for user:email...
2025-10-23 07:54:08.093 [info] Got 1 sessions for user:email...
2025-10-23 07:54:08.093 [info] Getting sessions for user:email...
2025-10-23 07:54:08.093 [info] Got 1 sessions for user:email...
2025-10-23 07:54:08.403 [info] FetcherService: Node fetch failed with status: 429 Too Many Requests
2025-10-23 07:54:08.536 [info] Getting sessions for all scopes...
2025-10-23 07:54:08.536 [info] Got 1 sessions for ...
2025-10-23 07:54:08.536 [info] Getting sessions for all scopes...
2025-10-23 07:54:08.536 [info] Got 1 sessions for ...
2025-10-23 07:54:08.559 [info] Getting sessions for read:user,repo,user:email,workflow...
2025-10-23 07:54:08.559 [info] Got 0 sessions for read:user,repo,user:email,workflow...
2025-10-23 07:54:08.560 [info] Getting sessions for user:email...
2025-10-23 07:54:08.560 [info] Got 1 sessions for user:email...
2025-10-23 07:54:08.560 [info] Getting sessions for read:user,repo,user:email,workflow...
2025-10-23 07:54:08.560 [info] Got 0 sessions for read:user,repo,user:email,workflow...
2025-10-23 07:54:08.611 [info] Getting sessions for all scopes...
2025-10-23 07:54:08.611 [info] Got 1 sessions for ...
2025-10-23 07:54:08.613 [info] Getting sessions for all scopes...
2025-10-23 07:54:08.613 [info] Got 1 sessions for ...
2025-10-23 07:54:08.615 [info] Getting sessions for all scopes...
2025-10-23 07:54:08.615 [info] Got 1 sessions for ...
2025-10-23 07:54:08.619 [info] Getting sessions for all scopes...
2025-10-23 07:54:08.619 [info] Got 1 sessions for ...
2025-10-23 07:54:08.621 [info] Getting sessions for read:user,repo,user:email,workflow...
2025-10-23 07:54:08.621 [info] Got 0 sessions for read:user,repo,user:email,workflow...
2025-10-23 07:54:08.621 [info] Getting sessions for user:email...
2025-10-23 07:54:08.621 [info] Got 1 sessions for user:email...
2025-10-23 07:54:08.622 [info] Getting sessions for read:user,repo,user:email,workflow...
2025-10-23 07:54:08.622 [info] Got 0 sessions for read:user,repo,user:email,workflow...
2025-10-23 07:54:08.623 [info] Getting sessions for all scopes...
2025-10-23 07:54:08.623 [info] Got 1 sessions for ...
2025-10-23 07:54:08.623 [info] Getting sessions for read:user,repo,user:email,workflow...
2025-10-23 07:54:08.623 [info] Got 0 sessions for read:user,repo,user:email,workflow...
2025-10-23 07:54:08.639 [info] Getting sessions for user:email...
2025-10-23 07:54:08.639 [info] Got 1 sessions for user:email...
2025-10-23 07:54:08.716 [info] FetcherService: Node http/s failed with status: 429 Too Many Requests
2025-10-23 07:54:09.030 [info] Getting sessions for all scopes...
2025-10-23 07:54:09.030 [info] Got 1 sessions for ...
